0 verbose cli /opt/homebrew/Cellar/node/25.6.1_1/bin/node /opt/homebrew/bin/npm
1 info using npm@11.9.0
2 info using node@v25.6.1
3 silly config load:file:/opt/homebrew/lib/node_modules/npm/npmrc
4 silly config load:file:/Users/saitarrunpitta/Projects/Patient Outreach and Appointment Reminder Platform/.npmrc
5 silly config load:file:/Users/saitarrunpitta/.npmrc
6 silly config load:file:/opt/homebrew/etc/npmrc
7 verbose title npm run dev
8 verbose argv "run" "dev"
9 verbose logfile logs-max:10 dir:/Users/saitarrunpitta/Projects/Patient Outreach and Appointment Reminder Platform/npm-cache/_logs/2026-02-27T17_29_02_166Z-
10 verbose logfile /Users/saitarrunpitta/Projects/Patient Outreach and Appointment Reminder Platform/npm-cache/_logs/2026-02-27T17_29_02_166Z-debug-0.log
11 silly logfile done cleaning log files
12 verbose stack Error: Missing script: "dev"
12 verbose stack
12 verbose stack To see a list of scripts, run:
12 verbose stack   npm run
12 verbose stack     at #run (/opt/homebrew/lib/node_modules/npm/lib/commands/run.js:115:13)
12 verbose stack     at async RunScript.exec (/opt/homebrew/lib/node_modules/npm/lib/commands/run.js:44:7)
12 verbose stack     at async Npm.exec (/opt/homebrew/lib/node_modules/npm/lib/npm.js:208:9)
12 verbose stack     at async module.exports (/opt/homebrew/lib/node_modules/npm/lib/cli/entry.js:67:5)
13 error Missing script: "dev"
13 error
13 error To see a list of scripts, run:
13 error   npm run
14 verbose cwd /Users/saitarrunpitta/Projects/Patient Outreach and Appointment Reminder Platform
15 verbose os Darwin 25.3.0
16 verbose node v25.6.1
17 verbose npm  v11.9.0
18 verbose exit 1
19 verbose code 1
20 error A complete log of this run can be found in: /Users/saitarrunpitta/Projects/Patient Outreach and Appointment Reminder Platform/npm-cache/_logs/2026-02-27T17_29_02_166Z-debug-0.log
