0 verbose cli /Users/saitarrunpitta/Projects/node-v22.13.1-darwin-arm64/bin/node /Users/saitarrunpitta/Projects/node-v22.13.1-darwin-arm64/bin/npm
1 info using npm@10.9.2
2 info using node@v22.13.1
3 silly config load:file:/Users/saitarrunpitta/Projects/node-v22.13.1-darwin-arm64/lib/node_modules/npm/npmrc
4 silly config load:file:/Users/saitarrunpitta/Projects/Patient Outreach and Appointment Reminder Platform/.npmrc
5 silly config load:file:/Users/saitarrunpitta/.npmrc
6 silly config load:file:/Users/saitarrunpitta/Projects/node-v22.13.1-darwin-arm64/etc/npmrc
7 verbose title npm install
8 verbose argv "install"
9 verbose logfile logs-max:10 dir:/Users/saitarrunpitta/Projects/Patient Outreach and Appointment Reminder Platform/npm-cache/_logs/2026-02-06T17_01_13_046Z-
10 verbose logfile /Users/saitarrunpitta/Projects/Patient Outreach and Appointment Reminder Platform/npm-cache/_logs/2026-02-06T17_01_13_046Z-debug-0.log
11 silly logfile done cleaning log files
12 silly packumentCache heap:4345298944 maxSize:1086324736 maxEntrySize:543162368
13 silly idealTree buildDeps
14 silly placeDep ROOT @app/shared@1.0.0 OK for: patient-outreach-platform@1.0.0 want: file:/Users/saitarrunpitta/Projects/Patient Outreach and Appointment Reminder Platform/shared
15 silly placeDep ROOT client@0.0.0 OK for: patient-outreach-platform@1.0.0 want: file:/Users/saitarrunpitta/Projects/Patient Outreach and Appointment Reminder Platform/client
16 silly placeDep ROOT server@1.0.0 OK for: patient-outreach-platform@1.0.0 want: file:/Users/saitarrunpitta/Projects/Patient Outreach and Appointment Reminder Platform/server
17 silly fetch manifest typescript@^5.0.0
18 silly packumentCache full:https://registry.npmjs.org/typescript cache-miss
19 http fetch GET 200 https://registry.npmjs.org/npm 309ms
20 http fetch GET 200 https://registry.npmjs.org/typescript 919ms (cache miss)
21 silly packumentCache full:https://registry.npmjs.org/typescript set size:undefined disposed:false
22 silly placeDep ROOT typescript@5.9.3 OK for: @app/shared@1.0.0 want: ^5.0.0
23 silly reify mark retired [
23 silly reify   '/Users/saitarrunpitta/Projects/Patient Outreach and Appointment Reminder Platform/client/node_modules/typescript',
23 silly reify   '/Users/saitarrunpitta/Projects/Patient Outreach and Appointment Reminder Platform/client/node_modules/.bin/tsc',
23 silly reify   '/Users/saitarrunpitta/Projects/Patient Outreach and Appointment Reminder Platform/client/node_modules/.bin/tsserver'
23 silly reify ]
24 silly reify mark retired [
24 silly reify   '/Users/saitarrunpitta/Projects/Patient Outreach and Appointment Reminder Platform/server/node_modules/typescript',
24 silly reify   '/Users/saitarrunpitta/Projects/Patient Outreach and Appointment Reminder Platform/server/node_modules/.bin/tsc',
24 silly reify   '/Users/saitarrunpitta/Projects/Patient Outreach and Appointment Reminder Platform/server/node_modules/.bin/tsserver'
24 silly reify ]
25 silly reify moves {
25 silly reify   '/Users/saitarrunpitta/Projects/Patient Outreach and Appointment Reminder Platform/client/node_modules/typescript': '/Users/saitarrunpitta/Projects/Patient Outreach and Appointment Reminder Platform/client/node_modules/.typescript-phXDOoz1',
25 silly reify   '/Users/saitarrunpitta/Projects/Patient Outreach and Appointment Reminder Platform/client/node_modules/.bin/tsc': '/Users/saitarrunpitta/Projects/Patient Outreach and Appointment Reminder Platform/client/node_modules/.bin/.tsc-ivZdPaXs',
25 silly reify   '/Users/saitarrunpitta/Projects/Patient Outreach and Appointment Reminder Platform/client/node_modules/.bin/tsserver': '/Users/saitarrunpitta/Projects/Patient Outreach and Appointment Reminder Platform/client/node_modules/.bin/.tsserver-ZPoKSugY',
25 silly reify   '/Users/saitarrunpitta/Projects/Patient Outreach and Appointment Reminder Platform/server/node_modules/typescript': '/Users/saitarrunpitta/Projects/Patient Outreach and Appointment Reminder Platform/server/node_modules/.typescript-oCVBY2ZV',
25 silly reify   '/Users/saitarrunpitta/Projects/Patient Outreach and Appointment Reminder Platform/server/node_modules/.bin/tsc': '/Users/saitarrunpitta/Projects/Patient Outreach and Appointment Reminder Platform/server/node_modules/.bin/.tsc-arYJigSg',
25 silly reify   '/Users/saitarrunpitta/Projects/Patient Outreach and Appointment Reminder Platform/server/node_modules/.bin/tsserver': '/Users/saitarrunpitta/Projects/Patient Outreach and Appointment Reminder Platform/server/node_modules/.bin/.tsserver-IE5SbGi1'
25 silly reify }
26 silly audit bulk request {
26 silly audit   client: [ '0.0.0' ],
26 silly audit   acorn: [ '8.15.0' ],
26 silly audit   'acorn-jsx': [ '5.3.2' ],
26 silly audit   ajv: [ '6.12.6' ],
26 silly audit   'ansi-styles': [ '4.3.0' ],
26 silly audit   argparse: [ '2.0.1' ],
26 silly audit   autoprefixer: [ '10.4.24' ],
26 silly audit   'balanced-match': [ '1.0.2' ],
26 silly audit   'baseline-browser-mapping': [ '2.9.19' ],
26 silly audit   'brace-expansion': [ '1.1.12', '2.0.2' ],
26 silly audit   browserslist: [ '4.28.1' ],
26 silly audit   callsites: [ '3.1.0' ],
26 silly audit   'caniuse-lite': [ '1.0.30001769' ],
26 silly audit   chalk: [ '4.1.2' ],
26 silly audit   'color-convert': [ '2.0.1' ],
26 silly audit   'color-name': [ '1.1.4' ],
26 silly audit   'concat-map': [ '0.0.1' ],
26 silly audit   'convert-source-map': [ '2.0.0' ],
26 silly audit   'cross-spawn': [ '7.0.6' ],
26 silly audit   csstype: [ '3.2.3' ],
26 silly audit   debug: [ '4.4.3' ],
26 silly audit   'deep-is': [ '0.1.4' ],
26 silly audit   'detect-libc': [ '2.1.2' ],
26 silly audit   'electron-to-chromium': [ '1.5.286' ],
26 silly audit   'enhanced-resolve': [ '5.19.0' ],
26 silly audit   esbuild: [ '0.27.3' ],
26 silly audit   escalade: [ '3.2.0' ],
26 silly audit   'escape-string-regexp': [ '4.0.0' ],
26 silly audit   eslint: [ '9.39.2' ],
26 silly audit   'eslint-plugin-react-hooks': [ '7.0.1' ],
26 silly audit   'eslint-plugin-react-refresh': [ '0.4.26' ],
26 silly audit   'eslint-scope': [ '8.4.0' ],
26 silly audit   'eslint-visitor-keys': [ '4.2.1', '3.4.3' ],
26 silly audit   espree: [ '10.4.0' ],
26 silly audit   esquery: [ '1.7.0' ],
26 silly audit   esrecurse: [ '4.3.0' ],
26 silly audit   esutils: [ '2.0.3' ],
26 silly audit   estraverse: [ '5.3.0' ],
26 silly audit   'fast-deep-equal': [ '3.1.3' ],
26 silly audit   'fast-levenshtein': [ '2.0.6' ],
26 silly audit   fdir: [ '6.5.0' ],
26 silly audit   'file-entry-cache': [ '8.0.0' ],
26 silly audit   'find-up': [ '5.0.0' ],
26 silly audit   flatted: [ '3.3.3' ],
26 silly audit   'fraction.js': [ '5.3.4' ],
26 silly audit   'flat-cache': [ '4.0.1' ],
26 silly audit   fsevents: [ '2.3.3' ],
26 silly audit   'glob-parent': [ '6.0.2', '5.1.2' ],
26 silly audit   gensync: [ '1.0.0-beta.2' ],
26 silly audit   'fast-json-stable-stringify': [ '2.1.0' ],
26 silly audit   globals: [ '16.5.0', '14.0.0' ],
26 silly audit   'hermes-estree': [ '0.25.1' ],
26 silly audit   'has-flag': [ '4.0.0', '3.0.0' ],
26 silly audit   'graceful-fs': [ '4.2.11' ],
26 silly audit   'hermes-parser': [ '0.25.1' ],
26 silly audit   ignore: [ '5.3.2', '7.0.5' ],
26 silly audit   imurmurhash: [ '0.1.4' ],
26 silly audit   'is-extglob': [ '2.1.1' ],
26 silly audit   'import-fresh': [ '3.3.1' ],
26 silly audit   'is-glob': [ '4.0.3' ],
26 silly audit   jiti: [ '2.6.1' ],
26 silly audit   'js-tokens': [ '4.0.0' ],
26 silly audit   jsesc: [ '3.1.0' ],
26 silly audit   'json-schema-traverse': [ '0.4.1' ],
26 silly audit   isexe: [ '2.0.0' ],
26 silly audit   'json-stable-stringify-without-jsonify': [ '1.0.1' ],
26 silly audit   json5: [ '2.2.3' ],
26 silly audit   'json-buffer': [ '3.0.1' ],
26 silly audit   keyv: [ '4.5.4' ],
26 silly audit   levn: [ '0.4.1' ],
26 silly audit   'locate-path': [ '6.0.0' ],
26 silly audit   'lightningcss-darwin-arm64': [ '1.30.2' ],
26 silly audit   lightningcss: [ '1.30.2' ],
26 silly audit   'lodash.merge': [ '4.6.2' ],
26 silly audit   'js-yaml': [ '4.1.1' ],
26 silly audit   minimatch: [ '3.1.2', '9.0.5' ],
26 silly audit   'magic-string': [ '0.30.21' ],
26 silly audit   ms: [ '2.1.3' ],
26 silly audit   nanoid: [ '3.3.11' ],
26 silly audit   'natural-compare': [ '1.4.0' ],
26 silly audit   'node-releases': [ '2.0.27' ],
26 silly audit   optionator: [ '0.9.4' ],
26 silly audit   'lru-cache': [ '5.1.1' ],
26 silly audit   'p-locate': [ '5.0.0' ],
26 silly audit   'parent-module': [ '1.0.1' ],
26 silly audit   'path-exists': [ '4.0.0' ],
26 silly audit   'path-key': [ '3.1.1' ],
26 silly audit   'p-limit': [ '3.1.0' ],
26 silly audit   picocolors: [ '1.1.1' ],
26 silly audit   picomatch: [ '4.0.3', '2.3.1' ],
26 silly audit   'prelude-ls': [ '1.2.1' ],
26 silly audit   postcss: [ '8.5.6' ],
26 silly audit   react: [ '19.2.4' ],
26 silly audit   punycode: [ '2.3.1' ],
26 silly audit   'postcss-value-parser': [ '4.2.0' ],
26 silly audit   'react-refresh': [ '0.18.0' ],
26 silly audit   'resolve-from': [ '4.0.0' ],
26 silly audit   'react-dom': [ '19.2.4' ],
26 silly audit   scheduler: [ '0.27.0' ],
26 silly audit   semver: [ '6.3.1', '7.7.4', '7.7.3' ],
26 silly audit   rollup: [ '4.57.1' ],
26 silly audit   'shebang-regex': [ '3.0.0' ],
26 silly audit   'source-map-js': [ '1.2.1' ],
26 silly audit   'shebang-command': [ '2.0.0' ],
26 silly audit   tailwindcss: [ '4.1.18' ],
26 silly audit   'strip-json-comments': [ '3.1.1' ],
26 silly audit   'supports-color': [ '7.2.0', '5.5.0' ],
26 silly audit   tinyglobby: [ '0.2.15' ],
26 silly audit   tapable: [ '2.3.0' ],
26 silly audit   'type-check': [ '0.4.0' ],
26 silly audit   typescript: [ '5.9.3' ],
26 silly audit   'undici-types': [ '7.16.0' ],
26 silly audit   'update-browserslist-db': [ '1.2.3' ],
26 silly audit   'ts-api-utils': [ '2.4.0' ],
26 silly audit   'typescript-eslint': [ '8.54.0' ],
26 silly audit   'uri-js': [ '4.4.1' ],
26 silly audit   which: [ '2.0.2' ],
26 silly audit   vite: [ '7.3.1' ],
26 silly audit   yallist: [ '3.1.1' ],
26 silly audit   zod: [ '4.3.6' ],
26 silly audit   'yocto-queue': [ '0.1.0' ],
26 silly audit   'zod-validation-error': [ '4.0.2' ],
26 silly audit   'word-wrap': [ '1.2.5' ],
26 silly audit   '@babel/code-frame': [ '7.29.0' ],
26 silly audit   '@babel/generator': [ '7.29.1' ],
26 silly audit   '@babel/helper-compilation-targets': [ '7.28.6' ],
26 silly audit   '@babel/compat-data': [ '7.29.0' ],
26 silly audit   '@babel/helper-globals': [ '7.28.0' ],
26 silly audit   '@babel/core': [ '7.29.0' ],
26 silly audit   '@babel/helper-module-imports': [ '7.28.6' ],
26 silly audit   '@babel/helper-plugin-utils': [ '7.28.6' ],
26 silly audit   '@babel/helper-string-parser': [ '7.27.1' ],
26 silly audit   '@babel/helper-validator-identifier': [ '7.28.5' ],
26 silly audit   '@babel/helper-module-transforms': [ '7.28.6' ],
26 silly audit   '@babel/helper-validator-option': [ '7.27.1' ],
26 silly audit   '@babel/parser': [ '7.29.0' ],
26 silly audit   '@babel/helpers': [ '7.28.6' ],
26 silly audit   '@babel/plugin-transform-react-jsx-self': [ '7.27.1' ],
26 silly audit   '@babel/plugin-transform-react-jsx-source': [ '7.27.1' ],
26 silly audit   '@esbuild/darwin-arm64': [ '0.27.3' ],
26 silly audit   '@babel/template': [ '7.28.6' ],
26 silly audit   '@babel/traverse': [ '7.29.0' ],
26 silly audit   '@babel/types': [ '7.29.0' ],
26 silly audit   '@eslint/config-array': [ '0.21.1' ],
26 silly audit   '@eslint/config-helpers': [ '0.4.2' ],
26 silly audit   '@eslint/eslintrc': [ '3.3.3' ],
26 silly audit   '@eslint/core': [ '0.17.0' ],
26 silly audit   '@eslint/object-schema': [ '2.1.7' ],
26 silly audit   '@eslint/js': [ '9.39.2' ],
26 silly audit   '@eslint-community/eslint-utils': [ '4.9.1' ],
26 silly audit   '@eslint/plugin-kit': [ '0.4.1' ],
26 silly audit   '@eslint-community/regexpp': [ '4.12.2' ],
26 silly audit   '@humanfs/core': [ '0.19.1' ],
26 silly audit   '@jridgewell/gen-mapping': [ '0.3.13' ],
26 silly audit   '@humanwhocodes/retry': [ '0.4.3' ],
26 silly audit   '@humanfs/node': [ '0.16.7' ],
26 silly audit   '@humanwhocodes/module-importer': [ '1.0.1' ],
26 silly audit   '@jridgewell/remapping': [ '2.3.5' ],
26 silly audit   '@jridgewell/resolve-uri': [ '3.1.2' ],
26 silly audit   '@jridgewell/trace-mapping': [ '0.3.31', '0.3.9' ],
26 silly audit   '@rolldown/pluginutils': [ '1.0.0-rc.2' ],
26 silly audit   '@jridgewell/sourcemap-codec': [ '1.5.5' ],
26 silly audit   '@rollup/rollup-darwin-arm64': [ '4.57.1' ],
26 silly audit   '@tailwindcss/oxide': [ '4.1.18' ],
26 silly audit   '@tailwindcss/vite': [ '4.1.18' ],
26 silly audit   '@types/babel__core': [ '7.20.5' ],
26 silly audit   '@tailwindcss/node': [ '4.1.18' ],
26 silly audit   '@types/babel__template': [ '7.4.4' ],
26 silly audit   '@types/babel__generator': [ '7.27.0' ],
26 silly audit   '@types/babel__traverse': [ '7.28.0' ],
26 silly audit   '@tailwindcss/oxide-darwin-arm64': [ '4.1.18' ],
26 silly audit   '@types/json-schema': [ '7.0.15' ],
26 silly audit   '@types/node': [ '24.10.11', '25.2.1' ],
26 silly audit   '@types/react-dom': [ '19.2.3' ],
26 silly audit   '@types/estree': [ '1.0.8' ],
26 silly audit   '@typescript-eslint/eslint-plugin': [ '8.54.0' ],
26 silly audit   '@typescript-eslint/parser': [ '8.54.0' ],
26 silly audit   '@typescript-eslint/project-service': [ '8.54.0' ],
26 silly audit   '@typescript-eslint/scope-manager': [ '8.54.0' ],
26 silly audit   '@types/react': [ '19.2.13' ],
26 silly audit   '@typescript-eslint/type-utils': [ '8.54.0' ],
26 silly audit   '@typescript-eslint/tsconfig-utils': [ '8.54.0' ],
26 silly audit   '@typescript-eslint/utils': [ '8.54.0' ],
26 silly audit   '@typescript-eslint/types': [ '8.54.0' ],
26 silly audit   '@typescript-eslint/typescript-estree': [ '8.54.0' ],
26 silly audit   '@vitejs/plugin-react': [ '5.1.3' ],
26 silly audit   '@typescript-eslint/visitor-keys': [ '8.54.0' ],
26 silly audit   server: [ '1.0.0' ],
26 silly audit   accepts: [ '2.0.0' ],
26 silly audit   'acorn-walk': [ '8.3.4' ],
26 silly audit   anymatch: [ '3.1.3' ],
26 silly audit   'body-parser': [ '2.2.2' ],
26 silly audit   'binary-extensions': [ '2.3.0' ],
26 silly audit   bytes: [ '3.1.2' ],
26 silly audit   braces: [ '3.0.3' ],
26 silly audit   'call-bound': [ '1.0.4' ],
26 silly audit   bullmq: [ '5.67.3' ],
26 silly audit   chokidar: [ '3.6.0' ],
26 silly audit   'cluster-key-slot': [ '1.1.2' ],
26 silly audit   'content-type': [ '1.0.5' ],
26 silly audit   'content-disposition': [ '1.0.1' ],
26 silly audit   cookie: [ '0.7.2' ],
26 silly audit   'cookie-signature': [ '1.2.2' ],
26 silly audit   cors: [ '2.8.6' ],
26 silly audit   'call-bind-apply-helpers': [ '1.0.2' ],
26 silly audit   'create-require': [ '1.1.1' ],
26 silly audit   'cron-parser': [ '4.9.0' ],
26 silly audit   depd: [ '2.0.0' ],
26 silly audit   denque: [ '2.1.0' ],
26 silly audit   diff: [ '4.0.4' ],
26 silly audit   arg: [ '4.1.3' ],
26 silly audit   encodeurl: [ '2.0.0' ],
26 silly audit   dotenv: [ '17.2.4' ],
26 silly audit   'es-define-property': [ '1.0.1' ],
26 silly audit   'es-errors': [ '1.3.0' ],
26 silly audit   'dunder-proto': [ '1.0.1' ],
26 silly audit   'escape-html': [ '1.0.3' ],
26 silly audit   'es-object-atoms': [ '1.1.1' ],
26 silly audit   etag: [ '1.8.1' ],
26 silly audit   'fill-range': [ '7.1.1' ],
26 silly audit   express: [ '5.2.1' ],
26 silly audit   'ee-first': [ '1.1.1' ],
26 silly audit   forwarded: [ '0.2.0' ],
26 silly audit   fresh: [ '2.0.0' ],
26 silly audit   'get-intrinsic': [ '1.3.0' ],
26 silly audit   'get-proto': [ '1.0.1' ],
26 silly audit   'function-bind': [ '1.1.2' ],
26 silly audit   gopd: [ '1.2.0' ],
26 silly audit   finalhandler: [ '2.1.1' ],
26 silly audit   hasown: [ '2.0.2' ],
26 silly audit   'http-errors': [ '2.0.1' ],
26 silly audit   'has-symbols': [ '1.1.0' ],
26 silly audit   'iconv-lite': [ '0.7.2' ],
26 silly audit   ioredis: [ '5.9.2' ],
26 silly audit   inherits: [ '2.0.4' ],
26 silly audit   'ipaddr.js': [ '1.9.1' ],
26 silly audit   'ignore-by-default': [ '1.0.1' ],
26 silly audit   'is-binary-path': [ '2.1.0' ],
26 silly audit   'is-number': [ '7.0.0' ],
26 silly audit   'lodash.isarguments': [ '3.1.0' ],
26 silly audit   'lodash.defaults': [ '4.2.0' ],
26 silly audit   'is-promise': [ '4.0.0' ],
26 silly audit   'make-error': [ '1.3.6' ],
26 silly audit   'media-typer': [ '1.1.0' ],
26 silly audit   'math-intrinsics': [ '1.1.0' ],
26 silly audit   'mime-db': [ '1.54.0' ],
26 silly audit   luxon: [ '3.7.2' ],
26 silly audit   'merge-descriptors': [ '2.0.0' ],
26 silly audit   'mime-types': [ '3.0.2' ],
26 silly audit   msgpackr: [ '1.11.5' ],
26 silly audit   'node-abort-controller': [ '3.1.1' ],
26 silly audit   negotiator: [ '1.0.0' ],
26 silly audit   'object-assign': [ '4.1.1' ],
26 silly audit   'normalize-path': [ '3.0.0' ],
26 silly audit   'on-finished': [ '2.4.1' ],
26 silly audit   'object-inspect': [ '1.13.4' ],
26 silly audit   nodemon: [ '3.1.11' ],
26 silly audit   'node-gyp-build-optional-packages': [ '5.2.2' ],
26 silly audit   once: [ '1.4.0' ],
26 silly audit   parseurl: [ '1.3.3' ],
26 silly audit   'path-to-regexp': [ '8.3.0' ],
26 silly audit   'pg-cloudflare': [ '1.3.0' ],
26 silly audit   'pg-int8': [ '1.0.1' ],
26 silly audit   'pg-pool': [ '3.11.0' ],
26 silly audit   'pg-connection-string': [ '2.11.0' ],
26 silly audit   'msgpackr-extract': [ '3.0.3' ],
26 silly audit   'pg-protocol': [ '1.11.0' ],
26 silly audit   pg: [ '8.18.0' ],
26 silly audit   pgpass: [ '1.0.5' ],
26 silly audit   'postgres-date': [ '1.0.7' ],
26 silly audit   'postgres-array': [ '2.0.0' ],
26 silly audit   'postgres-bytea': [ '1.0.1' ],
26 silly audit   'pg-types': [ '2.2.0' ],
26 silly audit   prisma: [ '5.22.0' ],
26 silly audit   qs: [ '6.14.1' ],
26 silly audit   'raw-body': [ '3.0.2' ],
26 silly audit   'postgres-interval': [ '1.2.0' ],
26 silly audit   'range-parser': [ '1.2.1' ],
26 silly audit   readdirp: [ '3.6.0' ],
26 silly audit   'proxy-addr': [ '2.0.7' ],
26 silly audit   'redis-parser': [ '3.0.0' ],
26 silly audit   'redis-errors': [ '1.2.0' ],
26 silly audit   'safer-buffer': [ '2.1.2' ],
26 silly audit   'pstree.remy': [ '1.1.8' ],
26 silly audit   send: [ '1.2.1' ],
26 silly audit   'serve-static': [ '2.2.1' ],
26 silly audit   'side-channel': [ '1.1.0' ],
26 silly audit   router: [ '2.2.0' ],
26 silly audit   'side-channel-list': [ '1.0.0' ],
26 silly audit   'simple-update-notifier': [ '2.0.0' ],
26 silly audit   'side-channel-map': [ '1.0.1' ],
26 silly audit   split2: [ '4.2.0' ],
26 silly audit   'side-channel-weakmap': [ '1.0.2' ],
26 silly audit   setprototypeof: [ '1.2.0' ],
26 silly audit   'standard-as-callback': [ '2.1.0' ],
26 silly audit   statuses: [ '2.0.2' ],
26 silly audit   'to-regex-range': [ '5.0.1' ],
26 silly audit   'ts-node': [ '10.9.2' ],
26 silly audit   touch: [ '3.1.1' ],
26 silly audit   toidentifier: [ '1.0.1' ],
26 silly audit   'type-is': [ '2.0.1' ],
26 silly audit   tslib: [ '2.8.1' ],
26 silly audit   undefsafe: [ '2.0.5' ],
26 silly audit   uuid: [ '11.1.0' ],
26 silly audit   'v8-compile-cache-lib': [ '3.0.1' ],
26 silly audit   vary: [ '1.1.2' ],
26 silly audit   wrappy: [ '1.0.2' ],
26 silly audit   xtend: [ '4.0.2' ],
26 silly audit   yn: [ '3.1.1' ],
26 silly audit   unpipe: [ '1.0.0' ],
26 silly audit   '@cspotcode/source-map-support': [ '0.8.1' ],
26 silly audit   '@ioredis/commands': [ '1.5.0' ],
26 silly audit   '@msgpackr-extract/msgpackr-extract-darwin-arm64': [ '3.0.3' ],
26 silly audit   '@prisma/debug': [ '5.22.0' ],
26 silly audit   '@prisma/engines': [ '5.22.0' ],
26 silly audit   '@prisma/engines-version': [ '5.22.0-44.605197351a3c8bdd595af2d2a9bc3025bca48ea2' ],
26 silly audit   '@prisma/fetch-engine': [ '5.22.0' ],
26 silly audit   '@prisma/client': [ '5.22.0' ],
26 silly audit   '@prisma/get-platform': [ '5.22.0' ],
26 silly audit   '@tsconfig/node10': [ '1.0.12' ],
26 silly audit   '@tsconfig/node12': [ '1.0.11' ],
26 silly audit   '@tsconfig/node14': [ '1.0.3' ],
26 silly audit   '@types/connect': [ '3.4.38' ],
26 silly audit   '@types/body-parser': [ '1.19.6' ],
26 silly audit   '@tsconfig/node16': [ '1.0.4' ],
26 silly audit   '@types/express': [ '5.0.6' ],
26 silly audit   '@types/express-serve-static-core': [ '5.1.1' ],
26 silly audit   '@types/http-errors': [ '2.0.5' ],
26 silly audit   '@types/qs': [ '6.14.0' ],
26 silly audit   '@types/send': [ '1.2.1' ],
26 silly audit   '@types/cors': [ '2.8.19' ],
26 silly audit   '@types/range-parser': [ '1.2.7' ],
26 silly audit   '@types/serve-static': [ '2.2.0' ],
26 silly audit   '@app/shared': [ '1.0.0' ]
26 silly audit }
27 http cache typescript@https://registry.npmjs.org/typescript/-/typescript-5.9.3.tgz 0ms (cache hit)
28 silly tarball no local data for typescript@https://registry.npmjs.org/typescript/-/typescript-5.9.3.tgz. Extracting by manifest.
29 http fetch POST 200 https://registry.npmjs.org/-/npm/v1/security/advisories/bulk 74ms
30 silly audit report {}
31 http fetch GET 200 https://registry.npmjs.org/typescript/-/typescript-5.9.3.tgz 1058ms (cache miss)
32 silly ADD node_modules/typescript
33 silly ADD node_modules/server
34 silly ADD node_modules/client
35 silly ADD node_modules/@app/shared
36 silly REMOVE server/node_modules/typescript
37 silly REMOVE client/node_modules/typescript
38 verbose cwd /Users/saitarrunpitta/Projects/Patient Outreach and Appointment Reminder Platform
39 verbose os Darwin 25.2.0
40 verbose node v22.13.1
41 verbose npm  v10.9.2
42 notice
42 notice New major version of npm available! 10.9.2 -> 11.9.0
42 notice Changelog: https://github.com/npm/cli/releases/tag/v11.9.0
42 notice To update run: npm install -g npm@11.9.0
42 notice  { force: true, [Symbol(proc-log.meta)]: true }
43 verbose exit 0
44 info ok
