0 verbose cli /opt/homebrew/Cellar/node/25.6.1_1/bin/node /opt/homebrew/bin/npm
1 info using npm@11.9.0
2 info using node@v25.6.1
3 silly config load:file:/opt/homebrew/lib/node_modules/npm/npmrc
4 silly config load:file:/Users/saitarrunpitta/Projects/Patient Outreach and Appointment Reminder Platform/.npmrc
5 silly config load:file:/Users/saitarrunpitta/.npmrc
6 silly config load:file:/opt/homebrew/etc/npmrc
7 verbose title npm run dev
8 verbose argv "run" "dev" "--workspace" "client"
9 verbose logfile logs-max:10 dir:/Users/saitarrunpitta/Projects/Patient Outreach and Appointment Reminder Platform/npm-cache/_logs/2026-02-27T17_29_18_903Z-
10 verbose logfile /Users/saitarrunpitta/Projects/Patient Outreach and Appointment Reminder Platform/npm-cache/_logs/2026-02-27T17_29_18_903Z-debug-0.log
11 silly logfile done cleaning log files
12 verbose stack Error: command failed
12 verbose stack     at promiseSpawn (/opt/homebrew/lib/node_modules/npm/node_modules/@npmcli/promise-spawn/lib/index.js:22:22)
12 verbose stack     at spawnWithShell (/opt/homebrew/lib/node_modules/npm/node_modules/@npmcli/promise-spawn/lib/index.js:124:10)
12 verbose stack     at promiseSpawn (/opt/homebrew/lib/node_modules/npm/node_modules/@npmcli/promise-spawn/lib/index.js:12:12)
12 verbose stack     at runScriptPkg (/opt/homebrew/lib/node_modules/npm/node_modules/@npmcli/run-script/lib/run-script-pkg.js:79:13)
12 verbose stack     at runScript (/opt/homebrew/lib/node_modules/npm/node_modules/@npmcli/run-script/lib/run-script.js:9:12)
12 verbose stack     at #run (/opt/homebrew/lib/node_modules/npm/lib/commands/run.js:135:13)
12 verbose stack     at RunScript.execWorkspaces (/opt/homebrew/lib/node_modules/npm/lib/commands/run.js:67:24)
12 verbose stack     at async Npm.exec (/opt/homebrew/lib/node_modules/npm/lib/npm.js:208:9)
12 verbose stack     at async module.exports (/opt/homebrew/lib/node_modules/npm/lib/cli/entry.js:67:5)
13 verbose pkgid client@0.0.0
14 error Lifecycle script `dev` failed with error:
15 error code 1
16 error path /Users/saitarrunpitta/Projects/Patient Outreach and Appointment Reminder Platform/client
17 error workspace client@0.0.0
18 error location /Users/saitarrunpitta/Projects/Patient Outreach and Appointment Reminder Platform/client
19 error command failed
20 error command sh -c vite
21 verbose cwd /Users/saitarrunpitta/Projects/Patient Outreach and Appointment Reminder Platform
22 verbose os Darwin 25.3.0
23 verbose node v25.6.1
24 verbose npm  v11.9.0
25 verbose exit 1
26 verbose code 1
