0 verbose cli /Users/saitarrunpitta/Projects/node-v22.13.1-darwin-arm64/bin/node /Users/saitarrunpitta/Projects/node-v22.13.1-darwin-arm64/bin/npm
1 info using npm@10.9.2
2 info using node@v22.13.1
3 silly config load:file:/Users/saitarrunpitta/Projects/node-v22.13.1-darwin-arm64/lib/node_modules/npm/npmrc
4 silly config load:file:/Users/saitarrunpitta/Projects/Patient Outreach and Appointment Reminder Platform/.npmrc
5 silly config load:file:/Users/saitarrunpitta/.npmrc
6 silly config load:file:/Users/saitarrunpitta/Projects/node-v22.13.1-darwin-arm64/etc/npmrc
7 verbose title npm install typescript
8 verbose argv "install" "typescript" "--workspace" "shared"
9 verbose logfile logs-max:10 dir:/Users/saitarrunpitta/Projects/Patient Outreach and Appointment Reminder Platform/npm-cache/_logs/2026-02-06T17_01_16_611Z-
10 verbose logfile /Users/saitarrunpitta/Projects/Patient Outreach and Appointment Reminder Platform/npm-cache/_logs/2026-02-06T17_01_16_611Z-debug-0.log
11 silly logfile done cleaning log files
12 silly packumentCache heap:4345298944 maxSize:1086324736 maxEntrySize:543162368
13 silly idealTree buildDeps
14 silly fetch manifest typescript@^5.0.0
15 silly packumentCache full:https://registry.npmjs.org/typescript cache-miss
16 http cache https://registry.npmjs.org/typescript 15ms (cache hit)
17 silly packumentCache full:https://registry.npmjs.org/typescript set size:15212314 disposed:false
18 silly placeDep ROOT typescript@5.9.3 REPLACE for: @app/shared@1.0.0 want: ^5.0.0
19 silly reify moves {}
20 silly audit bulk request { '@app/shared': [ '1.0.0' ], typescript: [ '5.9.3' ] }
21 http fetch POST 200 https://registry.npmjs.org/-/npm/v1/security/advisories/bulk 358ms
22 silly audit report {}
23 verbose cwd /Users/saitarrunpitta/Projects/Patient Outreach and Appointment Reminder Platform
24 verbose os Darwin 25.2.0
25 verbose node v22.13.1
26 verbose npm  v10.9.2
27 verbose exit 0
28 info ok
