0 verbose cli /Users/saitarrunpitta/Projects/node-v22.13.1-darwin-arm64/bin/node /Users/saitarrunpitta/Projects/node-v22.13.1-darwin-arm64/bin/npm
1 info using npm@10.9.2
2 info using node@v22.13.1
3 silly config load:file:/Users/saitarrunpitta/Projects/node-v22.13.1-darwin-arm64/lib/node_modules/npm/npmrc
4 warn config ignoring workspace config at /Users/saitarrunpitta/Projects/Patient Outreach and Appointment Reminder Platform/server/.npmrc
5 info config found workspace root at /Users/saitarrunpitta/Projects/Patient Outreach and Appointment Reminder Platform
6 silly config load:file:/Users/saitarrunpitta/Projects/Patient Outreach and Appointment Reminder Platform/.npmrc
7 silly config load:file:/Users/saitarrunpitta/.npmrc
8 silly config load:file:/Users/saitarrunpitta/Projects/node-v22.13.1-darwin-arm64/etc/npmrc
9 verbose title npm install prom-client
10 verbose argv "install" "prom-client"
11 verbose logfile logs-max:10 dir:/Users/saitarrunpitta/Projects/Patient Outreach and Appointment Reminder Platform/server/npm-cache/_logs/2026-02-06T17_23_17_017Z-
12 verbose logfile /Users/saitarrunpitta/Projects/Patient Outreach and Appointment Reminder Platform/server/npm-cache/_logs/2026-02-06T17_23_17_017Z-debug-0.log
13 silly logfile done cleaning log files
14 silly packumentCache heap:4345298944 maxSize:1086324736 maxEntrySize:543162368
15 verbose shrinkwrap failed to load node_modules/.package-lock.json out of date, updated: client
16 silly idealTree buildDeps
17 silly fetch manifest prom-client@*
18 silly packumentCache full:https://registry.npmjs.org/prom-client cache-miss
19 http fetch GET 200 https://registry.npmjs.org/prom-client 259ms (cache miss)
20 silly packumentCache full:https://registry.npmjs.org/prom-client set size:undefined disposed:false
21 silly placeDep ROOT prom-client@15.1.3 OK for: server@1.0.0 want: *
22 silly fetch manifest @opentelemetry/api@^1.4.0
23 silly packumentCache full:https://registry.npmjs.org/@opentelemetry%2fapi cache-miss
24 silly fetch manifest tdigest@^0.1.1
25 silly packumentCache full:https://registry.npmjs.org/tdigest cache-miss
26 http fetch GET 200 https://registry.npmjs.org/@opentelemetry%2fapi 65ms (cache miss)
27 silly packumentCache full:https://registry.npmjs.org/@opentelemetry%2fapi set size:undefined disposed:false
28 http fetch GET 200 https://registry.npmjs.org/tdigest 132ms (cache miss)
29 silly packumentCache full:https://registry.npmjs.org/tdigest set size:undefined disposed:false
30 silly placeDep ROOT @opentelemetry/api@1.9.0 OK for: prom-client@15.1.3 want: ^1.4.0
31 silly placeDep ROOT tdigest@0.1.2 OK for: prom-client@15.1.3 want: ^0.1.1
32 silly fetch manifest bintrees@1.0.2
33 silly packumentCache full:https://registry.npmjs.org/bintrees cache-miss
34 http fetch GET 200 https://registry.npmjs.org/bintrees 44ms (cache miss)
35 silly packumentCache full:https://registry.npmjs.org/bintrees set size:undefined disposed:false
36 silly placeDep ROOT bintrees@1.0.2 OK for: tdigest@0.1.2 want: 1.0.2
37 silly reify moves {}
38 silly audit bulk request {
38 silly audit   '@jridgewell/resolve-uri': [ '3.1.2' ],
38 silly audit   '@jridgewell/sourcemap-codec': [ '1.5.5' ],
38 silly audit   '@jridgewell/trace-mapping': [ '0.3.9' ],
38 silly audit   '@types/node': [ '25.2.1' ],
38 silly audit   'brace-expansion': [ '1.1.12' ],
38 silly audit   minimatch: [ '3.1.2' ],
38 silly audit   semver: [ '7.7.3' ],
38 silly audit   acorn: [ '8.15.0' ],
38 silly audit   'balanced-match': [ '1.0.2' ],
38 silly audit   'concat-map': [ '0.0.1' ],
38 silly audit   'detect-libc': [ '2.1.2' ],
38 silly audit   fsevents: [ '2.3.3' ],
38 silly audit   'glob-parent': [ '5.1.2' ],
38 silly audit   'has-flag': [ '3.0.0' ],
38 silly audit   'is-extglob': [ '2.1.1' ],
38 silly audit   'is-glob': [ '4.0.3' ],
38 silly audit   picomatch: [ '2.3.1' ],
38 silly audit   'supports-color': [ '5.5.0' ],
38 silly audit   '@ioredis/commands': [ '1.5.0' ],
38 silly audit   '@types/ioredis': [ '4.28.10' ],
38 silly audit   accepts: [ '2.0.0' ],
38 silly audit   'body-parser': [ '2.2.2' ],
38 silly audit   bytes: [ '3.1.2' ],
38 silly audit   'call-bind-apply-helpers': [ '1.0.2' ],
38 silly audit   'call-bound': [ '1.0.4' ],
38 silly audit   'cluster-key-slot': [ '1.1.2' ],
38 silly audit   'content-disposition': [ '1.0.1' ],
38 silly audit   'content-type': [ '1.0.5' ],
38 silly audit   cookie: [ '0.7.2' ],
38 silly audit   'cookie-signature': [ '1.2.2' ],
38 silly audit   debug: [ '4.4.3' ],
38 silly audit   denque: [ '2.1.0' ],
38 silly audit   depd: [ '2.0.0' ],
38 silly audit   'dunder-proto': [ '1.0.1' ],
38 silly audit   'ee-first': [ '1.1.1' ],
38 silly audit   encodeurl: [ '2.0.0' ],
38 silly audit   'es-define-property': [ '1.0.1' ],
38 silly audit   'es-errors': [ '1.3.0' ],
38 silly audit   'es-object-atoms': [ '1.1.1' ],
38 silly audit   'escape-html': [ '1.0.3' ],
38 silly audit   etag: [ '1.8.1' ],
38 silly audit   express: [ '5.2.1' ],
38 silly audit   'express-rate-limit': [ '8.2.1' ],
38 silly audit   finalhandler: [ '2.1.1' ],
38 silly audit   forwarded: [ '0.2.0' ],
38 silly audit   fresh: [ '2.0.0' ],
38 silly audit   'function-bind': [ '1.1.2' ],
38 silly audit   'get-intrinsic': [ '1.3.0' ],
38 silly audit   'get-proto': [ '1.0.1' ],
38 silly audit   gopd: [ '1.2.0' ],
38 silly audit   'has-symbols': [ '1.1.0' ],
38 silly audit   hasown: [ '2.0.2' ],
38 silly audit   'http-errors': [ '2.0.1' ],
38 silly audit   'iconv-lite': [ '0.7.2' ],
38 silly audit   inherits: [ '2.0.4' ],
38 silly audit   ioredis: [ '5.9.2' ],
38 silly audit   'ip-address': [ '10.0.1' ],
38 silly audit   'ipaddr.js': [ '1.9.1' ],
38 silly audit   'is-promise': [ '4.0.0' ],
38 silly audit   'lodash.defaults': [ '4.2.0' ],
38 silly audit   'lodash.isarguments': [ '3.1.0' ],
38 silly audit   'math-intrinsics': [ '1.1.0' ],
38 silly audit   'media-typer': [ '1.1.0' ],
38 silly audit   'merge-descriptors': [ '2.0.0' ],
38 silly audit   'mime-db': [ '1.54.0' ],
38 silly audit   'mime-types': [ '3.0.2' ],
38 silly audit   ms: [ '2.1.3' ],
38 silly audit   negotiator: [ '1.0.0' ],
38 silly audit   'object-inspect': [ '1.13.4' ],
38 silly audit   'on-finished': [ '2.4.1' ],
38 silly audit   once: [ '1.4.0' ],
38 silly audit   parseurl: [ '1.3.3' ],
38 silly audit   'path-to-regexp': [ '8.3.0' ],
38 silly audit   'proxy-addr': [ '2.0.7' ],
38 silly audit   qs: [ '6.14.1' ],
38 silly audit   'range-parser': [ '1.2.1' ],
38 silly audit   'raw-body': [ '3.0.2' ],
38 silly audit   'redis-errors': [ '1.2.0' ],
38 silly audit   'redis-parser': [ '3.0.0' ],
38 silly audit   router: [ '2.2.0' ],
38 silly audit   'safer-buffer': [ '2.1.2' ],
38 silly audit   send: [ '1.2.1' ],
38 silly audit   'serve-static': [ '2.2.1' ],
38 silly audit   setprototypeof: [ '1.2.0' ],
38 silly audit   'side-channel': [ '1.1.0' ],
38 silly audit   'side-channel-list': [ '1.0.0' ],
38 silly audit   'side-channel-map': [ '1.0.1' ],
38 silly audit   'side-channel-weakmap': [ '1.0.2' ],
38 silly audit   'standard-as-callback': [ '2.1.0' ],
38 silly audit   statuses: [ '2.0.2' ],
38 silly audit   toidentifier: [ '1.0.1' ],
38 silly audit   'type-is': [ '2.0.1' ],
38 silly audit   typescript: [ '5.9.3' ],
38 silly audit   'undici-types': [ '7.16.0' ],
38 silly audit   unpipe: [ '1.0.0' ],
38 silly audit   vary: [ '1.1.2' ],
38 silly audit   wrappy: [ '1.0.2' ],
38 silly audit   zod: [ '4.3.6' ],
38 silly audit   server: [ '1.0.0' ],
38 silly audit   '@cspotcode/source-map-support': [ '0.8.1' ],
38 silly audit   '@msgpackr-extract/msgpackr-extract-darwin-arm64': [ '3.0.3' ],
38 silly audit   '@prisma/client': [ '5.22.0' ],
38 silly audit   '@prisma/debug': [ '5.22.0' ],
38 silly audit   '@prisma/engines': [ '5.22.0' ],
38 silly audit   '@prisma/engines-version': [ '5.22.0-44.605197351a3c8bdd595af2d2a9bc3025bca48ea2' ],
38 silly audit   '@prisma/fetch-engine': [ '5.22.0' ],
38 silly audit   '@prisma/get-platform': [ '5.22.0' ],
38 silly audit   '@tsconfig/node10': [ '1.0.12' ],
38 silly audit   '@tsconfig/node12': [ '1.0.11' ],
38 silly audit   '@tsconfig/node14': [ '1.0.3' ],
38 silly audit   '@tsconfig/node16': [ '1.0.4' ],
38 silly audit   '@types/body-parser': [ '1.19.6' ],
38 silly audit   '@types/connect': [ '3.4.38' ],
38 silly audit   '@types/cors': [ '2.8.19' ],
38 silly audit   '@types/express': [ '5.0.6' ],
38 silly audit   '@types/express-serve-static-core': [ '5.1.1' ],
38 silly audit   '@types/http-errors': [ '2.0.5' ],
38 silly audit   '@types/qs': [ '6.14.0' ],
38 silly audit   '@types/range-parser': [ '1.2.7' ],
38 silly audit   '@types/send': [ '1.2.1' ],
38 silly audit   '@types/serve-static': [ '2.2.0' ],
38 silly audit   'acorn-walk': [ '8.3.4' ],
38 silly audit   anymatch: [ '3.1.3' ],
38 silly audit   arg: [ '4.1.3' ],
38 silly audit   'binary-extensions': [ '2.3.0' ],
38 silly audit   braces: [ '3.0.3' ],
38 silly audit   bullmq: [ '5.67.3' ],
38 silly audit   chokidar: [ '3.6.0' ],
38 silly audit   cors: [ '2.8.6' ],
38 silly audit   'create-require': [ '1.1.1' ],
38 silly audit   'cron-parser': [ '4.9.0' ],
38 silly audit   diff: [ '4.0.4' ],
38 silly audit   dotenv: [ '17.2.4' ],
38 silly audit   'fill-range': [ '7.1.1' ],
38 silly audit   'ignore-by-default': [ '1.0.1' ],
38 silly audit   'is-binary-path': [ '2.1.0' ],
38 silly audit   'is-number': [ '7.0.0' ],
38 silly audit   luxon: [ '3.7.2' ],
38 silly audit   'make-error': [ '1.3.6' ],
38 silly audit   msgpackr: [ '1.11.5' ],
38 silly audit   'msgpackr-extract': [ '3.0.3' ],
38 silly audit   'node-abort-controller': [ '3.1.1' ],
38 silly audit   'node-gyp-build-optional-packages': [ '5.2.2' ],
38 silly audit   nodemon: [ '3.1.11' ],
38 silly audit   'normalize-path': [ '3.0.0' ],
38 silly audit   'object-assign': [ '4.1.1' ],
38 silly audit   pg: [ '8.18.0' ],
38 silly audit   'pg-cloudflare': [ '1.3.0' ],
38 silly audit   'pg-connection-string': [ '2.11.0' ],
38 silly audit   'pg-int8': [ '1.0.1' ],
38 silly audit   'pg-pool': [ '3.11.0' ],
38 silly audit   'pg-protocol': [ '1.11.0' ],
38 silly audit   'pg-types': [ '2.2.0' ],
38 silly audit   pgpass: [ '1.0.5' ],
38 silly audit   'postgres-array': [ '2.0.0' ],
38 silly audit   'postgres-bytea': [ '1.0.1' ],
38 silly audit   'postgres-date': [ '1.0.7' ],
38 silly audit   'postgres-interval': [ '1.2.0' ],
38 silly audit   prisma: [ '5.22.0' ],
38 silly audit   'pstree.remy': [ '1.1.8' ],
38 silly audit   readdirp: [ '3.6.0' ],
38 silly audit   'simple-update-notifier': [ '2.0.0' ],
38 silly audit   split2: [ '4.2.0' ],
38 silly audit   'to-regex-range': [ '5.0.1' ],
38 silly audit   touch: [ '3.1.1' ],
38 silly audit   'ts-node': [ '10.9.2' ],
38 silly audit   tslib: [ '2.8.1' ],
38 silly audit   undefsafe: [ '2.0.5' ],
38 silly audit   uuid: [ '11.1.0' ],
38 silly audit   'v8-compile-cache-lib': [ '3.0.1' ],
38 silly audit   xtend: [ '4.0.2' ],
38 silly audit   yn: [ '3.1.1' ],
38 silly audit   '@app/shared': [ '1.0.0' ],
38 silly audit   'prom-client': [ '15.1.3' ],
38 silly audit   '@opentelemetry/api': [ '1.9.0' ],
38 silly audit   tdigest: [ '0.1.2' ],
38 silly audit   bintrees: [ '1.0.2' ]
38 silly audit }
39 http cache bintrees@https://registry.npmjs.org/bintrees/-/bintrees-1.0.2.tgz 0ms (cache hit)
40 http cache prom-client@https://registry.npmjs.org/prom-client/-/prom-client-15.1.3.tgz 0ms (cache hit)
41 http cache tdigest@https://registry.npmjs.org/tdigest/-/tdigest-0.1.2.tgz 0ms (cache hit)
42 http cache @opentelemetry/api@https://registry.npmjs.org/@opentelemetry/api/-/api-1.9.0.tgz 0ms (cache hit)
43 silly tarball no local data for bintrees@https://registry.npmjs.org/bintrees/-/bintrees-1.0.2.tgz. Extracting by manifest.
44 silly tarball no local data for prom-client@https://registry.npmjs.org/prom-client/-/prom-client-15.1.3.tgz. Extracting by manifest.
45 silly tarball no local data for tdigest@https://registry.npmjs.org/tdigest/-/tdigest-0.1.2.tgz. Extracting by manifest.
46 silly tarball no local data for @opentelemetry/api@https://registry.npmjs.org/@opentelemetry/api/-/api-1.9.0.tgz. Extracting by manifest.
47 http fetch POST 200 https://registry.npmjs.org/-/npm/v1/security/advisories/bulk 71ms
48 silly audit report {}
49 http fetch GET 200 https://registry.npmjs.org/bintrees/-/bintrees-1.0.2.tgz 153ms (cache miss)
50 http fetch GET 200 https://registry.npmjs.org/prom-client/-/prom-client-15.1.3.tgz 166ms (cache miss)
51 http fetch GET 200 https://registry.npmjs.org/tdigest/-/tdigest-0.1.2.tgz 174ms (cache miss)
52 http fetch GET 200 https://registry.npmjs.org/@opentelemetry/api/-/api-1.9.0.tgz 266ms (cache miss)
53 silly ADD node_modules/bintrees
54 silly ADD node_modules/tdigest
55 silly ADD node_modules/@opentelemetry/api
56 silly ADD node_modules/prom-client
57 verbose cwd /Users/saitarrunpitta/Projects/Patient Outreach and Appointment Reminder Platform/server
58 verbose os Darwin 25.2.0
59 verbose node v22.13.1
60 verbose npm  v10.9.2
61 verbose exit 0
62 info ok
