0 verbose cli /Users/saitarrunpitta/Projects/node-v22.13.1-darwin-arm64/bin/node /Users/saitarrunpitta/Projects/node-v22.13.1-darwin-arm64/bin/npm
1 info using npm@10.9.2
2 info using node@v22.13.1
3 silly config load:file:/Users/saitarrunpitta/Projects/node-v22.13.1-darwin-arm64/lib/node_modules/npm/npmrc
4 warn config ignoring workspace config at /Users/saitarrunpitta/Projects/Patient Outreach and Appointment Reminder Platform/server/.npmrc
5 info config found workspace root at /Users/saitarrunpitta/Projects/Patient Outreach and Appointment Reminder Platform
6 silly config load:file:/Users/saitarrunpitta/Projects/Patient Outreach and Appointment Reminder Platform/.npmrc
7 silly config load:file:/Users/saitarrunpitta/.npmrc
8 silly config load:file:/Users/saitarrunpitta/Projects/node-v22.13.1-darwin-arm64/etc/npmrc
9 verbose title npm install express-rate-limit
10 verbose argv "install" "express-rate-limit"
11 verbose logfile logs-max:10 dir:/Users/saitarrunpitta/Projects/Patient Outreach and Appointment Reminder Platform/server/npm-cache/_logs/2026-02-06T17_18_00_198Z-
12 verbose logfile /Users/saitarrunpitta/Projects/Patient Outreach and Appointment Reminder Platform/server/npm-cache/_logs/2026-02-06T17_18_00_198Z-debug-0.log
13 silly logfile done cleaning log files
14 silly packumentCache heap:4345298944 maxSize:1086324736 maxEntrySize:543162368
15 silly idealTree buildDeps
16 silly fetch manifest express-rate-limit@*
17 silly packumentCache full:https://registry.npmjs.org/express-rate-limit cache-miss
18 http fetch GET 200 https://registry.npmjs.org/express-rate-limit 168ms (cache miss)
19 silly packumentCache full:https://registry.npmjs.org/express-rate-limit set size:undefined disposed:false
20 silly fetch manifest express@^5.2.1
21 silly packumentCache full:https://registry.npmjs.org/express cache-miss
22 http fetch GET 200 https://registry.npmjs.org/express 94ms (cache miss)
23 silly packumentCache full:https://registry.npmjs.org/express set size:undefined disposed:false
24 silly placeDep ROOT express-rate-limit@8.2.1 OK for: server@1.0.0 want: *
25 silly placeDep ROOT express@5.2.1 OK for: express-rate-limit@8.2.1 want: >= 4.11
26 silly fetch manifest ip-address@10.0.1
27 silly packumentCache full:https://registry.npmjs.org/ip-address cache-miss
28 silly fetch manifest qs@^6.14.0
29 silly packumentCache full:https://registry.npmjs.org/qs cache-miss
30 silly fetch manifest depd@^2.0.0
31 silly packumentCache full:https://registry.npmjs.org/depd cache-miss
32 silly fetch manifest etag@^1.8.1
33 silly packumentCache full:https://registry.npmjs.org/etag cache-miss
34 silly fetch manifest once@^1.4.0
35 silly packumentCache full:https://registry.npmjs.org/once cache-miss
36 silly fetch manifest send@^1.1.0
37 silly packumentCache full:https://registry.npmjs.org/send cache-miss
38 silly fetch manifest vary@^1.1.2
39 silly packumentCache full:https://registry.npmjs.org/vary cache-miss
40 silly fetch manifest fresh@^2.0.0
41 silly packumentCache full:https://registry.npmjs.org/fresh cache-miss
42 silly fetch manifest cookie@^0.7.1
43 silly packumentCache full:https://registry.npmjs.org/cookie cache-miss
44 http fetch GET 200 https://registry.npmjs.org/ip-address 49ms (cache miss)
45 silly packumentCache full:https://registry.npmjs.org/ip-address set size:undefined disposed:false
46 silly fetch manifest router@^2.2.0
47 silly packumentCache full:https://registry.npmjs.org/router cache-miss
48 http fetch GET 200 https://registry.npmjs.org/router 47ms (cache miss)
49 silly packumentCache full:https://registry.npmjs.org/router set size:undefined disposed:false
50 silly fetch manifest accepts@^2.0.0
51 silly packumentCache full:https://registry.npmjs.org/accepts cache-miss
52 http fetch GET 200 https://registry.npmjs.org/qs 134ms (cache miss)
53 silly packumentCache full:https://registry.npmjs.org/qs set size:undefined disposed:false
54 silly fetch manifest type-is@^2.0.1
55 silly packumentCache full:https://registry.npmjs.org/type-is cache-miss
56 http fetch GET 200 https://registry.npmjs.org/accepts 51ms (cache miss)
57 silly packumentCache full:https://registry.npmjs.org/accepts set size:undefined disposed:false
58 silly fetch manifest parseurl@^1.3.3
59 silly packumentCache full:https://registry.npmjs.org/parseurl cache-miss
60 http fetch GET 200 https://registry.npmjs.org/vary 150ms (cache miss)
61 silly packumentCache full:https://registry.npmjs.org/vary set size:undefined disposed:false
62 silly fetch manifest statuses@^2.0.1
63 silly packumentCache full:https://registry.npmjs.org/statuses cache-miss
64 http fetch GET 200 https://registry.npmjs.org/once 159ms (cache miss)
65 silly packumentCache full:https://registry.npmjs.org/once set size:undefined disposed:false
66 silly fetch manifest encodeurl@^2.0.0
67 silly packumentCache full:https://registry.npmjs.org/encodeurl cache-miss
68 http fetch GET 200 https://registry.npmjs.org/fresh 160ms (cache miss)
69 silly packumentCache full:https://registry.npmjs.org/fresh set size:undefined disposed:false
70 silly fetch manifest mime-types@^3.0.0
71 silly packumentCache full:https://registry.npmjs.org/mime-types cache-miss
72 http fetch GET 200 https://registry.npmjs.org/depd 163ms (cache miss)
73 silly packumentCache full:https://registry.npmjs.org/depd set size:undefined disposed:false
74 silly fetch manifest proxy-addr@^2.0.7
75 silly packumentCache full:https://registry.npmjs.org/proxy-addr cache-miss
76 http fetch GET 200 https://registry.npmjs.org/send 164ms (cache miss)
77 silly packumentCache full:https://registry.npmjs.org/send set size:undefined disposed:false
78 silly fetch manifest body-parser@^2.2.1
79 silly packumentCache full:https://registry.npmjs.org/body-parser cache-miss
80 http fetch GET 200 https://registry.npmjs.org/cookie 168ms (cache miss)
81 silly packumentCache full:https://registry.npmjs.org/cookie set size:undefined disposed:false
82 silly fetch manifest escape-html@^1.0.3
83 silly packumentCache full:https://registry.npmjs.org/escape-html cache-miss
84 http fetch GET 200 https://registry.npmjs.org/parseurl 50ms (cache miss)
85 silly packumentCache full:https://registry.npmjs.org/parseurl set size:undefined disposed:false
86 silly fetch manifest http-errors@^2.0.0
87 silly packumentCache full:https://registry.npmjs.org/http-errors cache-miss
88 http fetch GET 200 https://registry.npmjs.org/statuses 50ms (cache miss)
89 silly packumentCache full:https://registry.npmjs.org/statuses set size:undefined disposed:false
90 silly fetch manifest on-finished@^2.4.1
91 silly packumentCache full:https://registry.npmjs.org/on-finished cache-miss
92 http fetch GET 200 https://registry.npmjs.org/type-is 66ms (cache miss)
93 silly packumentCache full:https://registry.npmjs.org/type-is set size:undefined disposed:false
94 silly fetch manifest content-type@^1.0.5
95 silly packumentCache full:https://registry.npmjs.org/content-type cache-miss
96 http fetch GET 200 https://registry.npmjs.org/mime-types 57ms (cache miss)
97 silly packumentCache full:https://registry.npmjs.org/mime-types set size:undefined disposed:false
98 silly fetch manifest finalhandler@^2.1.0
99 silly packumentCache full:https://registry.npmjs.org/finalhandler cache-miss
100 http fetch GET 200 https://registry.npmjs.org/body-parser 60ms (cache miss)
101 silly packumentCache full:https://registry.npmjs.org/body-parser set size:undefined disposed:false
102 silly fetch manifest range-parser@^1.2.1
103 silly packumentCache full:https://registry.npmjs.org/range-parser cache-miss
104 http fetch GET 200 https://registry.npmjs.org/escape-html 58ms (cache miss)
105 silly packumentCache full:https://registry.npmjs.org/escape-html set size:undefined disposed:false
106 silly fetch manifest serve-static@^2.2.0
107 silly packumentCache full:https://registry.npmjs.org/serve-static cache-miss
108 http fetch GET 200 https://registry.npmjs.org/encodeurl 69ms (cache miss)
109 silly packumentCache full:https://registry.npmjs.org/encodeurl set size:undefined disposed:false
110 silly fetch manifest cookie-signature@^1.2.1
111 silly packumentCache full:https://registry.npmjs.org/cookie-signature cache-miss
112 http fetch GET 200 https://registry.npmjs.org/on-finished 45ms (cache miss)
113 silly packumentCache full:https://registry.npmjs.org/on-finished set size:undefined disposed:false
114 silly fetch manifest merge-descriptors@^2.0.0
115 silly packumentCache full:https://registry.npmjs.org/merge-descriptors cache-miss
116 http fetch GET 200 https://registry.npmjs.org/content-type 45ms (cache miss)
117 silly packumentCache full:https://registry.npmjs.org/content-type set size:undefined disposed:false
118 silly fetch manifest content-disposition@^1.0.0
119 silly packumentCache full:https://registry.npmjs.org/content-disposition cache-miss
120 http fetch GET 200 https://registry.npmjs.org/http-errors 49ms (cache miss)
121 silly packumentCache full:https://registry.npmjs.org/http-errors set size:undefined disposed:false
122 http fetch GET 200 https://registry.npmjs.org/etag 256ms (cache miss)
123 silly packumentCache full:https://registry.npmjs.org/etag set size:undefined disposed:false
124 http fetch GET 200 https://registry.npmjs.org/proxy-addr 95ms (cache miss)
125 silly packumentCache full:https://registry.npmjs.org/proxy-addr set size:undefined disposed:false
126 http fetch GET 200 https://registry.npmjs.org/finalhandler 45ms (cache miss)
127 silly packumentCache full:https://registry.npmjs.org/finalhandler set size:undefined disposed:false
128 http fetch GET 200 https://registry.npmjs.org/range-parser 46ms (cache miss)
129 silly packumentCache full:https://registry.npmjs.org/range-parser set size:undefined disposed:false
130 http fetch GET 200 https://registry.npmjs.org/cookie-signature 50ms (cache miss)
131 silly packumentCache full:https://registry.npmjs.org/cookie-signature set size:undefined disposed:false
132 http fetch GET 200 https://registry.npmjs.org/serve-static 52ms (cache miss)
133 silly packumentCache full:https://registry.npmjs.org/serve-static set size:undefined disposed:false
134 http fetch GET 200 https://registry.npmjs.org/merge-descriptors 49ms (cache miss)
135 silly packumentCache full:https://registry.npmjs.org/merge-descriptors set size:undefined disposed:false
136 http fetch GET 200 https://registry.npmjs.org/content-disposition 50ms (cache miss)
137 silly packumentCache full:https://registry.npmjs.org/content-disposition set size:undefined disposed:false
138 silly placeDep ROOT accepts@2.0.0 OK for: express@5.2.1 want: ^2.0.0
139 silly placeDep ROOT body-parser@2.2.2 OK for: express@5.2.1 want: ^2.2.1
140 silly placeDep ROOT content-disposition@1.0.1 OK for: express@5.2.1 want: ^1.0.0
141 silly placeDep ROOT content-type@1.0.5 OK for: express@5.2.1 want: ^1.0.5
142 silly placeDep node_modules/express cookie@0.7.2 OK for: express@5.2.1 want: ^0.7.1
143 silly placeDep ROOT cookie-signature@1.2.2 OK for: express@5.2.1 want: ^1.2.1
144 silly placeDep ROOT depd@2.0.0 OK for: express@5.2.1 want: ^2.0.0
145 silly placeDep ROOT encodeurl@2.0.0 OK for: express@5.2.1 want: ^2.0.0
146 silly placeDep ROOT escape-html@1.0.3 OK for: express@5.2.1 want: ^1.0.3
147 silly placeDep ROOT etag@1.8.1 OK for: express@5.2.1 want: ^1.8.1
148 silly placeDep ROOT finalhandler@2.1.1 OK for: express@5.2.1 want: ^2.1.0
149 silly placeDep ROOT fresh@2.0.0 OK for: express@5.2.1 want: ^2.0.0
150 silly placeDep ROOT http-errors@2.0.1 OK for: express@5.2.1 want: ^2.0.0
151 silly placeDep ROOT merge-descriptors@2.0.0 OK for: express@5.2.1 want: ^2.0.0
152 silly placeDep ROOT mime-types@3.0.2 OK for: express@5.2.1 want: ^3.0.0
153 silly placeDep ROOT on-finished@2.4.1 OK for: express@5.2.1 want: ^2.4.1
154 silly placeDep ROOT once@1.4.0 OK for: express@5.2.1 want: ^1.4.0
155 silly placeDep ROOT parseurl@1.3.3 OK for: express@5.2.1 want: ^1.3.3
156 silly placeDep ROOT proxy-addr@2.0.7 OK for: express@5.2.1 want: ^2.0.7
157 silly placeDep ROOT qs@6.14.1 OK for: express@5.2.1 want: ^6.14.0
158 silly placeDep ROOT range-parser@1.2.1 OK for: express@5.2.1 want: ^1.2.1
159 silly placeDep ROOT router@2.2.0 OK for: express@5.2.1 want: ^2.2.0
160 silly placeDep ROOT send@1.2.1 OK for: express@5.2.1 want: ^1.1.0
161 silly placeDep ROOT serve-static@2.2.1 OK for: express@5.2.1 want: ^2.2.0
162 silly placeDep ROOT statuses@2.0.2 OK for: express@5.2.1 want: ^2.0.1
163 silly placeDep ROOT type-is@2.0.1 OK for: express@5.2.1 want: ^2.0.1
164 silly placeDep ROOT vary@1.1.2 OK for: express@5.2.1 want: ^1.1.2
165 silly fetch manifest negotiator@^1.0.0
166 silly packumentCache full:https://registry.npmjs.org/negotiator cache-miss
167 silly fetch manifest bytes@^3.1.2
168 silly packumentCache full:https://registry.npmjs.org/bytes cache-miss
169 silly fetch manifest iconv-lite@^0.7.0
170 silly packumentCache full:https://registry.npmjs.org/iconv-lite cache-miss
171 silly fetch manifest qs@^6.14.1
172 silly packumentCache full:https://registry.npmjs.org/qs cache-miss
173 silly fetch manifest raw-body@^3.0.1
174 silly packumentCache full:https://registry.npmjs.org/raw-body cache-miss
175 silly fetch manifest inherits@~2.0.4
176 silly packumentCache full:https://registry.npmjs.org/inherits cache-miss
177 silly fetch manifest setprototypeof@~1.2.0
178 silly packumentCache full:https://registry.npmjs.org/setprototypeof cache-miss
179 silly fetch manifest statuses@~2.0.2
180 silly packumentCache full:https://registry.npmjs.org/statuses cache-miss
181 silly fetch manifest toidentifier@~1.0.1
182 silly packumentCache full:https://registry.npmjs.org/toidentifier cache-miss
183 http cache https://registry.npmjs.org/statuses 3ms (cache hit)
184 silly packumentCache full:https://registry.npmjs.org/statuses set size:37117 disposed:false
185 silly fetch manifest mime-db@^1.54.0
186 silly packumentCache full:https://registry.npmjs.org/mime-db cache-miss
187 http cache https://registry.npmjs.org/qs 5ms (cache hit)
188 silly packumentCache full:https://registry.npmjs.org/qs set size:268000 disposed:false
189 silly fetch manifest ee-first@1.1.1
190 silly packumentCache full:https://registry.npmjs.org/ee-first cache-miss
191 http fetch GET 200 https://registry.npmjs.org/iconv-lite 52ms (cache miss)
192 silly packumentCache full:https://registry.npmjs.org/iconv-lite set size:undefined disposed:false
193 silly fetch manifest wrappy@1
194 silly packumentCache full:https://registry.npmjs.org/wrappy cache-miss
195 http fetch GET 200 https://registry.npmjs.org/mime-db 49ms (cache miss)
196 silly packumentCache full:https://registry.npmjs.org/mime-db set size:undefined disposed:false
197 silly fetch manifest forwarded@0.2.0
198 silly packumentCache full:https://registry.npmjs.org/forwarded cache-miss
199 http fetch GET 200 https://registry.npmjs.org/raw-body 55ms (cache miss)
200 silly packumentCache full:https://registry.npmjs.org/raw-body set size:undefined disposed:false
201 silly fetch manifest ipaddr.js@1.9.1
202 silly packumentCache full:https://registry.npmjs.org/ipaddr.js cache-miss
203 http fetch GET 200 https://registry.npmjs.org/ee-first 53ms (cache miss)
204 silly packumentCache full:https://registry.npmjs.org/ee-first set size:undefined disposed:false
205 silly fetch manifest side-channel@^1.1.0
206 silly packumentCache full:https://registry.npmjs.org/side-channel cache-miss
207 http fetch GET 200 https://registry.npmjs.org/setprototypeof 59ms (cache miss)
208 silly packumentCache full:https://registry.npmjs.org/setprototypeof set size:undefined disposed:false
209 silly fetch manifest is-promise@^4.0.0
210 silly packumentCache full:https://registry.npmjs.org/is-promise cache-miss
211 http fetch GET 200 https://registry.npmjs.org/toidentifier 60ms (cache miss)
212 silly packumentCache full:https://registry.npmjs.org/toidentifier set size:undefined disposed:false
213 silly fetch manifest path-to-regexp@^8.0.0
214 silly packumentCache full:https://registry.npmjs.org/path-to-regexp cache-miss
215 http fetch GET 200 https://registry.npmjs.org/bytes 62ms (cache miss)
216 silly packumentCache full:https://registry.npmjs.org/bytes set size:undefined disposed:false
217 silly fetch manifest statuses@^2.0.2
218 silly packumentCache full:https://registry.npmjs.org/statuses cache-hit
219 silly fetch manifest media-typer@^1.1.0
220 silly packumentCache full:https://registry.npmjs.org/media-typer cache-miss
221 http fetch GET 200 https://registry.npmjs.org/negotiator 63ms (cache miss)
222 silly packumentCache full:https://registry.npmjs.org/negotiator set size:undefined disposed:false
223 http fetch GET 200 https://registry.npmjs.org/inherits 63ms (cache miss)
224 silly packumentCache full:https://registry.npmjs.org/inherits set size:undefined disposed:false
225 http fetch GET 200 https://registry.npmjs.org/wrappy 50ms (cache miss)
226 silly packumentCache full:https://registry.npmjs.org/wrappy set size:undefined disposed:false
227 http fetch GET 200 https://registry.npmjs.org/forwarded 54ms (cache miss)
228 silly packumentCache full:https://registry.npmjs.org/forwarded set size:undefined disposed:false
229 http fetch GET 200 https://registry.npmjs.org/side-channel 55ms (cache miss)
230 silly packumentCache full:https://registry.npmjs.org/side-channel set size:undefined disposed:false
231 http fetch GET 200 https://registry.npmjs.org/is-promise 54ms (cache miss)
232 silly packumentCache full:https://registry.npmjs.org/is-promise set size:undefined disposed:false
233 http fetch GET 200 https://registry.npmjs.org/ipaddr.js 60ms (cache miss)
234 silly packumentCache full:https://registry.npmjs.org/ipaddr.js set size:undefined disposed:false
235 http fetch GET 200 https://registry.npmjs.org/path-to-regexp 56ms (cache miss)
236 silly packumentCache full:https://registry.npmjs.org/path-to-regexp set size:undefined disposed:false
237 http fetch GET 200 https://registry.npmjs.org/media-typer 67ms (cache miss)
238 silly packumentCache full:https://registry.npmjs.org/media-typer set size:undefined disposed:false
239 silly placeDep ROOT negotiator@1.0.0 OK for: accepts@2.0.0 want: ^1.0.0
240 silly placeDep ROOT bytes@3.1.2 OK for: body-parser@2.2.2 want: ^3.1.2
241 silly placeDep ROOT iconv-lite@0.7.2 OK for: body-parser@2.2.2 want: ^0.7.0
242 silly placeDep ROOT raw-body@3.0.2 OK for: body-parser@2.2.2 want: ^3.0.1
243 silly fetch manifest safer-buffer@>= 2.1.2 < 3.0.0
244 silly packumentCache full:https://registry.npmjs.org/safer-buffer cache-miss
245 silly fetch manifest unpipe@~1.0.0
246 silly packumentCache full:https://registry.npmjs.org/unpipe cache-miss
247 http fetch GET 200 https://registry.npmjs.org/safer-buffer 57ms (cache miss)
248 silly packumentCache full:https://registry.npmjs.org/safer-buffer set size:undefined disposed:false
249 http fetch GET 200 https://registry.npmjs.org/unpipe 57ms (cache miss)
250 silly packumentCache full:https://registry.npmjs.org/unpipe set size:undefined disposed:false
251 silly placeDep ROOT ip-address@10.0.1 OK for: express-rate-limit@8.2.1 want: 10.0.1
252 silly placeDep ROOT inherits@2.0.4 OK for: http-errors@2.0.1 want: ~2.0.4
253 silly placeDep ROOT setprototypeof@1.2.0 OK for: http-errors@2.0.1 want: ~1.2.0
254 silly placeDep ROOT toidentifier@1.0.1 OK for: http-errors@2.0.1 want: ~1.0.1
255 silly placeDep ROOT safer-buffer@2.1.2 OK for: iconv-lite@0.7.2 want: >= 2.1.2 < 3.0.0
256 silly placeDep ROOT mime-db@1.54.0 OK for: mime-types@3.0.2 want: ^1.54.0
257 silly placeDep ROOT ee-first@1.1.1 OK for: on-finished@2.4.1 want: 1.1.1
258 silly placeDep ROOT wrappy@1.0.2 OK for: once@1.4.0 want: 1
259 silly placeDep ROOT forwarded@0.2.0 OK for: proxy-addr@2.0.7 want: 0.2.0
260 silly placeDep ROOT ipaddr.js@1.9.1 OK for: proxy-addr@2.0.7 want: 1.9.1
261 silly placeDep ROOT side-channel@1.1.0 OK for: qs@6.14.1 want: ^1.1.0
262 silly fetch manifest es-errors@^1.3.0
263 silly packumentCache full:https://registry.npmjs.org/es-errors cache-miss
264 silly fetch manifest object-inspect@^1.13.3
265 silly packumentCache full:https://registry.npmjs.org/object-inspect cache-miss
266 silly fetch manifest side-channel-list@^1.0.0
267 silly packumentCache full:https://registry.npmjs.org/side-channel-list cache-miss
268 silly fetch manifest side-channel-map@^1.0.1
269 silly packumentCache full:https://registry.npmjs.org/side-channel-map cache-miss
270 silly fetch manifest side-channel-weakmap@^1.0.2
271 silly packumentCache full:https://registry.npmjs.org/side-channel-weakmap cache-miss
272 http fetch GET 200 https://registry.npmjs.org/side-channel-map 56ms (cache miss)
273 silly packumentCache full:https://registry.npmjs.org/side-channel-map set size:undefined disposed:false
274 http fetch GET 200 https://registry.npmjs.org/side-channel-list 57ms (cache miss)
275 silly packumentCache full:https://registry.npmjs.org/side-channel-list set size:undefined disposed:false
276 http fetch GET 200 https://registry.npmjs.org/object-inspect 61ms (cache miss)
277 silly packumentCache full:https://registry.npmjs.org/object-inspect set size:undefined disposed:false
278 http fetch GET 200 https://registry.npmjs.org/es-errors 61ms (cache miss)
279 silly packumentCache full:https://registry.npmjs.org/es-errors set size:undefined disposed:false
280 http fetch GET 200 https://registry.npmjs.org/side-channel-weakmap 80ms (cache miss)
281 silly packumentCache full:https://registry.npmjs.org/side-channel-weakmap set size:undefined disposed:false
282 silly placeDep ROOT unpipe@1.0.0 OK for: raw-body@3.0.2 want: ~1.0.0
283 silly placeDep ROOT is-promise@4.0.0 OK for: router@2.2.0 want: ^4.0.0
284 silly placeDep ROOT path-to-regexp@8.3.0 OK for: router@2.2.0 want: ^8.0.0
285 silly placeDep ROOT es-errors@1.3.0 OK for: side-channel@1.1.0 want: ^1.3.0
286 silly placeDep ROOT object-inspect@1.13.4 OK for: side-channel@1.1.0 want: ^1.13.3
287 silly placeDep ROOT side-channel-list@1.0.0 OK for: side-channel@1.1.0 want: ^1.0.0
288 silly placeDep ROOT side-channel-map@1.0.1 OK for: side-channel@1.1.0 want: ^1.0.1
289 silly placeDep ROOT side-channel-weakmap@1.0.2 OK for: side-channel@1.1.0 want: ^1.0.2
290 silly fetch manifest call-bound@^1.0.2
291 silly packumentCache full:https://registry.npmjs.org/call-bound cache-miss
292 silly fetch manifest get-intrinsic@^1.2.5
293 silly packumentCache full:https://registry.npmjs.org/get-intrinsic cache-miss
294 silly fetch manifest call-bound@^1.0.2
295 silly packumentCache full:https://registry.npmjs.org/call-bound cache-miss
296 silly fetch manifest get-intrinsic@^1.2.5
297 silly packumentCache full:https://registry.npmjs.org/get-intrinsic cache-miss
298 http fetch GET 200 https://registry.npmjs.org/get-intrinsic 51ms (cache miss)
299 silly packumentCache full:https://registry.npmjs.org/get-intrinsic set size:undefined disposed:false
300 http fetch GET 200 https://registry.npmjs.org/call-bound 53ms (cache miss)
301 silly packumentCache full:https://registry.npmjs.org/call-bound set size:undefined disposed:false
302 http fetch GET 200 https://registry.npmjs.org/get-intrinsic 53ms (cache miss)
303 silly packumentCache full:https://registry.npmjs.org/get-intrinsic set size:undefined disposed:false
304 http fetch GET 200 https://registry.npmjs.org/call-bound 71ms (cache miss)
305 silly packumentCache full:https://registry.npmjs.org/call-bound set size:undefined disposed:false
306 silly placeDep ROOT call-bound@1.0.4 OK for: side-channel-map@1.0.1 want: ^1.0.2
307 silly placeDep ROOT get-intrinsic@1.3.0 OK for: side-channel-map@1.0.1 want: ^1.2.5
308 silly fetch manifest call-bind-apply-helpers@^1.0.2
309 silly packumentCache full:https://registry.npmjs.org/call-bind-apply-helpers cache-miss
310 silly fetch manifest get-intrinsic@^1.3.0
311 silly packumentCache full:https://registry.npmjs.org/get-intrinsic cache-miss
312 silly fetch manifest gopd@^1.2.0
313 silly packumentCache full:https://registry.npmjs.org/gopd cache-miss
314 silly fetch manifest hasown@^2.0.2
315 silly packumentCache full:https://registry.npmjs.org/hasown cache-miss
316 silly fetch manifest get-proto@^1.0.1
317 silly packumentCache full:https://registry.npmjs.org/get-proto cache-miss
318 silly fetch manifest has-symbols@^1.1.0
319 silly packumentCache full:https://registry.npmjs.org/has-symbols cache-miss
320 silly fetch manifest function-bind@^1.1.2
321 silly packumentCache full:https://registry.npmjs.org/function-bind cache-miss
322 silly fetch manifest es-object-atoms@^1.1.1
323 silly packumentCache full:https://registry.npmjs.org/es-object-atoms cache-miss
324 silly fetch manifest math-intrinsics@^1.1.0
325 silly packumentCache full:https://registry.npmjs.org/math-intrinsics cache-miss
326 http cache https://registry.npmjs.org/get-intrinsic 4ms (cache hit)
327 silly packumentCache full:https://registry.npmjs.org/get-intrinsic set size:60985 disposed:false
328 silly fetch manifest es-define-property@^1.0.1
329 silly packumentCache full:https://registry.npmjs.org/es-define-property cache-miss
330 http fetch GET 200 https://registry.npmjs.org/hasown 53ms (cache miss)
331 silly packumentCache full:https://registry.npmjs.org/hasown set size:undefined disposed:false
332 silly fetch manifest call-bind-apply-helpers@^1.0.2
333 silly packumentCache full:https://registry.npmjs.org/call-bind-apply-helpers cache-miss
334 http fetch GET 200 https://registry.npmjs.org/gopd 56ms (cache miss)
335 silly packumentCache full:https://registry.npmjs.org/gopd set size:undefined disposed:false
336 http fetch GET 200 https://registry.npmjs.org/call-bind-apply-helpers 56ms (cache miss)
337 silly packumentCache full:https://registry.npmjs.org/call-bind-apply-helpers set size:undefined disposed:false
338 http fetch GET 200 https://registry.npmjs.org/get-proto 59ms (cache miss)
339 silly packumentCache full:https://registry.npmjs.org/get-proto set size:undefined disposed:false
340 http fetch GET 200 https://registry.npmjs.org/has-symbols 59ms (cache miss)
341 silly packumentCache full:https://registry.npmjs.org/has-symbols set size:undefined disposed:false
342 http cache https://registry.npmjs.org/call-bind-apply-helpers 7ms (cache hit)
343 silly packumentCache full:https://registry.npmjs.org/call-bind-apply-helpers set size:12744 disposed:false
344 http fetch GET 200 https://registry.npmjs.org/es-define-property 55ms (cache miss)
345 silly packumentCache full:https://registry.npmjs.org/es-define-property set size:undefined disposed:false
346 http fetch GET 200 https://registry.npmjs.org/es-object-atoms 73ms (cache miss)
347 silly packumentCache full:https://registry.npmjs.org/es-object-atoms set size:undefined disposed:false
348 http fetch GET 200 https://registry.npmjs.org/math-intrinsics 73ms (cache miss)
349 silly packumentCache full:https://registry.npmjs.org/math-intrinsics set size:undefined disposed:false
350 http fetch GET 200 https://registry.npmjs.org/function-bind 76ms (cache miss)
351 silly packumentCache full:https://registry.npmjs.org/function-bind set size:undefined disposed:false
352 silly placeDep ROOT call-bind-apply-helpers@1.0.2 OK for: call-bound@1.0.4 want: ^1.0.2
353 silly placeDep ROOT function-bind@1.1.2 OK for: call-bind-apply-helpers@1.0.2 want: ^1.1.2
354 silly placeDep ROOT es-define-property@1.0.1 OK for: get-intrinsic@1.3.0 want: ^1.0.1
355 silly placeDep ROOT es-object-atoms@1.1.1 OK for: get-intrinsic@1.3.0 want: ^1.1.1
356 silly placeDep ROOT get-proto@1.0.1 OK for: get-intrinsic@1.3.0 want: ^1.0.1
357 silly placeDep ROOT gopd@1.2.0 OK for: get-intrinsic@1.3.0 want: ^1.2.0
358 silly placeDep ROOT has-symbols@1.1.0 OK for: get-intrinsic@1.3.0 want: ^1.1.0
359 silly placeDep ROOT hasown@2.0.2 OK for: get-intrinsic@1.3.0 want: ^2.0.2
360 silly placeDep ROOT math-intrinsics@1.1.0 OK for: get-intrinsic@1.3.0 want: ^1.1.0
361 silly fetch manifest dunder-proto@^1.0.1
362 silly packumentCache full:https://registry.npmjs.org/dunder-proto cache-miss
363 http fetch GET 200 https://registry.npmjs.org/dunder-proto 68ms (cache miss)
364 silly packumentCache full:https://registry.npmjs.org/dunder-proto set size:undefined disposed:false
365 silly placeDep ROOT dunder-proto@1.0.1 OK for: get-proto@1.0.1 want: ^1.0.1
366 silly placeDep ROOT media-typer@1.1.0 OK for: type-is@2.0.1 want: ^1.1.0
367 silly reify mark retired [
367 silly reify   '/Users/saitarrunpitta/Projects/Patient Outreach and Appointment Reminder Platform/server/node_modules/accepts'
367 silly reify ]
368 silly reify mark retired [
368 silly reify   '/Users/saitarrunpitta/Projects/Patient Outreach and Appointment Reminder Platform/server/node_modules/body-parser'
368 silly reify ]
369 silly reify mark retired [
369 silly reify   '/Users/saitarrunpitta/Projects/Patient Outreach and Appointment Reminder Platform/server/node_modules/bytes'
369 silly reify ]
370 silly reify mark retired [
370 silly reify   '/Users/saitarrunpitta/Projects/Patient Outreach and Appointment Reminder Platform/server/node_modules/call-bind-apply-helpers'
370 silly reify ]
371 silly reify mark retired [
371 silly reify   '/Users/saitarrunpitta/Projects/Patient Outreach and Appointment Reminder Platform/server/node_modules/call-bound'
371 silly reify ]
372 silly reify mark retired [
372 silly reify   '/Users/saitarrunpitta/Projects/Patient Outreach and Appointment Reminder Platform/server/node_modules/content-disposition'
372 silly reify ]
373 silly reify mark retired [
373 silly reify   '/Users/saitarrunpitta/Projects/Patient Outreach and Appointment Reminder Platform/server/node_modules/content-type'
373 silly reify ]
374 silly reify mark retired [
374 silly reify   '/Users/saitarrunpitta/Projects/Patient Outreach and Appointment Reminder Platform/server/node_modules/cookie'
374 silly reify ]
375 silly reify mark retired [
375 silly reify   '/Users/saitarrunpitta/Projects/Patient Outreach and Appointment Reminder Platform/server/node_modules/cookie-signature'
375 silly reify ]
376 silly reify mark retired [
376 silly reify   '/Users/saitarrunpitta/Projects/Patient Outreach and Appointment Reminder Platform/server/node_modules/depd'
376 silly reify ]
377 silly reify mark retired [
377 silly reify   '/Users/saitarrunpitta/Projects/Patient Outreach and Appointment Reminder Platform/server/node_modules/dunder-proto'
377 silly reify ]
378 silly reify mark retired [
378 silly reify   '/Users/saitarrunpitta/Projects/Patient Outreach and Appointment Reminder Platform/server/node_modules/ee-first'
378 silly reify ]
379 silly reify mark retired [
379 silly reify   '/Users/saitarrunpitta/Projects/Patient Outreach and Appointment Reminder Platform/server/node_modules/encodeurl'
379 silly reify ]
380 silly reify mark retired [
380 silly reify   '/Users/saitarrunpitta/Projects/Patient Outreach and Appointment Reminder Platform/server/node_modules/es-define-property'
380 silly reify ]
381 silly reify mark retired [
381 silly reify   '/Users/saitarrunpitta/Projects/Patient Outreach and Appointment Reminder Platform/server/node_modules/es-errors'
381 silly reify ]
382 silly reify mark retired [
382 silly reify   '/Users/saitarrunpitta/Projects/Patient Outreach and Appointment Reminder Platform/server/node_modules/es-object-atoms'
382 silly reify ]
383 silly reify mark retired [
383 silly reify   '/Users/saitarrunpitta/Projects/Patient Outreach and Appointment Reminder Platform/server/node_modules/escape-html'
383 silly reify ]
384 silly reify mark retired [
384 silly reify   '/Users/saitarrunpitta/Projects/Patient Outreach and Appointment Reminder Platform/server/node_modules/etag'
384 silly reify ]
385 silly reify mark retired [
385 silly reify   '/Users/saitarrunpitta/Projects/Patient Outreach and Appointment Reminder Platform/server/node_modules/express'
385 silly reify ]
386 silly reify mark retired [
386 silly reify   '/Users/saitarrunpitta/Projects/Patient Outreach and Appointment Reminder Platform/server/node_modules/finalhandler'
386 silly reify ]
387 silly reify mark retired [
387 silly reify   '/Users/saitarrunpitta/Projects/Patient Outreach and Appointment Reminder Platform/server/node_modules/forwarded'
387 silly reify ]
388 silly reify mark retired [
388 silly reify   '/Users/saitarrunpitta/Projects/Patient Outreach and Appointment Reminder Platform/server/node_modules/fresh'
388 silly reify ]
389 silly reify mark retired [
389 silly reify   '/Users/saitarrunpitta/Projects/Patient Outreach and Appointment Reminder Platform/server/node_modules/function-bind'
389 silly reify ]
390 silly reify mark retired [
390 silly reify   '/Users/saitarrunpitta/Projects/Patient Outreach and Appointment Reminder Platform/server/node_modules/get-intrinsic'
390 silly reify ]
391 silly reify mark retired [
391 silly reify   '/Users/saitarrunpitta/Projects/Patient Outreach and Appointment Reminder Platform/server/node_modules/get-proto'
391 silly reify ]
392 silly reify mark retired [
392 silly reify   '/Users/saitarrunpitta/Projects/Patient Outreach and Appointment Reminder Platform/server/node_modules/gopd'
392 silly reify ]
393 silly reify mark retired [
393 silly reify   '/Users/saitarrunpitta/Projects/Patient Outreach and Appointment Reminder Platform/server/node_modules/has-symbols'
393 silly reify ]
394 silly reify mark retired [
394 silly reify   '/Users/saitarrunpitta/Projects/Patient Outreach and Appointment Reminder Platform/server/node_modules/hasown'
394 silly reify ]
395 silly reify mark retired [
395 silly reify   '/Users/saitarrunpitta/Projects/Patient Outreach and Appointment Reminder Platform/server/node_modules/http-errors'
395 silly reify ]
396 silly reify mark retired [
396 silly reify   '/Users/saitarrunpitta/Projects/Patient Outreach and Appointment Reminder Platform/server/node_modules/iconv-lite'
396 silly reify ]
397 silly reify mark retired [
397 silly reify   '/Users/saitarrunpitta/Projects/Patient Outreach and Appointment Reminder Platform/server/node_modules/inherits'
397 silly reify ]
398 silly reify mark retired [
398 silly reify   '/Users/saitarrunpitta/Projects/Patient Outreach and Appointment Reminder Platform/server/node_modules/ipaddr.js'
398 silly reify ]
399 silly reify mark retired [
399 silly reify   '/Users/saitarrunpitta/Projects/Patient Outreach and Appointment Reminder Platform/server/node_modules/is-promise'
399 silly reify ]
400 silly reify mark retired [
400 silly reify   '/Users/saitarrunpitta/Projects/Patient Outreach and Appointment Reminder Platform/server/node_modules/math-intrinsics'
400 silly reify ]
401 silly reify mark retired [
401 silly reify   '/Users/saitarrunpitta/Projects/Patient Outreach and Appointment Reminder Platform/server/node_modules/media-typer'
401 silly reify ]
402 silly reify mark retired [
402 silly reify   '/Users/saitarrunpitta/Projects/Patient Outreach and Appointment Reminder Platform/server/node_modules/merge-descriptors'
402 silly reify ]
403 silly reify mark retired [
403 silly reify   '/Users/saitarrunpitta/Projects/Patient Outreach and Appointment Reminder Platform/server/node_modules/mime-db'
403 silly reify ]
404 silly reify mark retired [
404 silly reify   '/Users/saitarrunpitta/Projects/Patient Outreach and Appointment Reminder Platform/server/node_modules/mime-types'
404 silly reify ]
405 silly reify mark retired [
405 silly reify   '/Users/saitarrunpitta/Projects/Patient Outreach and Appointment Reminder Platform/server/node_modules/negotiator'
405 silly reify ]
406 silly reify mark retired [
406 silly reify   '/Users/saitarrunpitta/Projects/Patient Outreach and Appointment Reminder Platform/server/node_modules/object-inspect'
406 silly reify ]
407 silly reify mark retired [
407 silly reify   '/Users/saitarrunpitta/Projects/Patient Outreach and Appointment Reminder Platform/server/node_modules/on-finished'
407 silly reify ]
408 silly reify mark retired [
408 silly reify   '/Users/saitarrunpitta/Projects/Patient Outreach and Appointment Reminder Platform/server/node_modules/once'
408 silly reify ]
409 silly reify mark retired [
409 silly reify   '/Users/saitarrunpitta/Projects/Patient Outreach and Appointment Reminder Platform/server/node_modules/parseurl'
409 silly reify ]
410 silly reify mark retired [
410 silly reify   '/Users/saitarrunpitta/Projects/Patient Outreach and Appointment Reminder Platform/server/node_modules/path-to-regexp'
410 silly reify ]
411 silly reify mark retired [
411 silly reify   '/Users/saitarrunpitta/Projects/Patient Outreach and Appointment Reminder Platform/server/node_modules/proxy-addr'
411 silly reify ]
412 silly reify mark retired [
412 silly reify   '/Users/saitarrunpitta/Projects/Patient Outreach and Appointment Reminder Platform/server/node_modules/qs'
412 silly reify ]
413 silly reify mark retired [
413 silly reify   '/Users/saitarrunpitta/Projects/Patient Outreach and Appointment Reminder Platform/server/node_modules/range-parser'
413 silly reify ]
414 silly reify mark retired [
414 silly reify   '/Users/saitarrunpitta/Projects/Patient Outreach and Appointment Reminder Platform/server/node_modules/raw-body'
414 silly reify ]
415 silly reify mark retired [
415 silly reify   '/Users/saitarrunpitta/Projects/Patient Outreach and Appointment Reminder Platform/server/node_modules/router'
415 silly reify ]
416 silly reify mark retired [
416 silly reify   '/Users/saitarrunpitta/Projects/Patient Outreach and Appointment Reminder Platform/server/node_modules/safer-buffer'
416 silly reify ]
417 silly reify mark retired [
417 silly reify   '/Users/saitarrunpitta/Projects/Patient Outreach and Appointment Reminder Platform/server/node_modules/send'
417 silly reify ]
418 silly reify mark retired [
418 silly reify   '/Users/saitarrunpitta/Projects/Patient Outreach and Appointment Reminder Platform/server/node_modules/serve-static'
418 silly reify ]
419 silly reify mark retired [
419 silly reify   '/Users/saitarrunpitta/Projects/Patient Outreach and Appointment Reminder Platform/server/node_modules/setprototypeof'
419 silly reify ]
420 silly reify mark retired [
420 silly reify   '/Users/saitarrunpitta/Projects/Patient Outreach and Appointment Reminder Platform/server/node_modules/side-channel'
420 silly reify ]
421 silly reify mark retired [
421 silly reify   '/Users/saitarrunpitta/Projects/Patient Outreach and Appointment Reminder Platform/server/node_modules/side-channel-list'
421 silly reify ]
422 silly reify mark retired [
422 silly reify   '/Users/saitarrunpitta/Projects/Patient Outreach and Appointment Reminder Platform/server/node_modules/side-channel-map'
422 silly reify ]
423 silly reify mark retired [
423 silly reify   '/Users/saitarrunpitta/Projects/Patient Outreach and Appointment Reminder Platform/server/node_modules/side-channel-weakmap'
423 silly reify ]
424 silly reify mark retired [
424 silly reify   '/Users/saitarrunpitta/Projects/Patient Outreach and Appointment Reminder Platform/server/node_modules/statuses'
424 silly reify ]
425 silly reify mark retired [
425 silly reify   '/Users/saitarrunpitta/Projects/Patient Outreach and Appointment Reminder Platform/server/node_modules/toidentifier'
425 silly reify ]
426 silly reify mark retired [
426 silly reify   '/Users/saitarrunpitta/Projects/Patient Outreach and Appointment Reminder Platform/server/node_modules/type-is'
426 silly reify ]
427 silly reify mark retired [
427 silly reify   '/Users/saitarrunpitta/Projects/Patient Outreach and Appointment Reminder Platform/server/node_modules/unpipe'
427 silly reify ]
428 silly reify mark retired [
428 silly reify   '/Users/saitarrunpitta/Projects/Patient Outreach and Appointment Reminder Platform/server/node_modules/vary'
428 silly reify ]
429 silly reify mark retired [
429 silly reify   '/Users/saitarrunpitta/Projects/Patient Outreach and Appointment Reminder Platform/server/node_modules/wrappy'
429 silly reify ]
430 silly reify moves {
430 silly reify   '/Users/saitarrunpitta/Projects/Patient Outreach and Appointment Reminder Platform/server/node_modules/accepts': '/Users/saitarrunpitta/Projects/Patient Outreach and Appointment Reminder Platform/server/node_modules/.accepts-BLaNRXqK',
430 silly reify   '/Users/saitarrunpitta/Projects/Patient Outreach and Appointment Reminder Platform/server/node_modules/body-parser': '/Users/saitarrunpitta/Projects/Patient Outreach and Appointment Reminder Platform/server/node_modules/.body-parser-xiViOphz',
430 silly reify   '/Users/saitarrunpitta/Projects/Patient Outreach and Appointment Reminder Platform/server/node_modules/bytes': '/Users/saitarrunpitta/Projects/Patient Outreach and Appointment Reminder Platform/server/node_modules/.bytes-CMxB6RZL',
430 silly reify   '/Users/saitarrunpitta/Projects/Patient Outreach and Appointment Reminder Platform/server/node_modules/call-bind-apply-helpers': '/Users/saitarrunpitta/Projects/Patient Outreach and Appointment Reminder Platform/server/node_modules/.call-bind-apply-helpers-S36oViCB',
430 silly reify   '/Users/saitarrunpitta/Projects/Patient Outreach and Appointment Reminder Platform/server/node_modules/call-bound': '/Users/saitarrunpitta/Projects/Patient Outreach and Appointment Reminder Platform/server/node_modules/.call-bound-sxg9Dhwq',
430 silly reify   '/Users/saitarrunpitta/Projects/Patient Outreach and Appointment Reminder Platform/server/node_modules/content-disposition': '/Users/saitarrunpitta/Projects/Patient Outreach and Appointment Reminder Platform/server/node_modules/.content-disposition-yhzJAlVq',
430 silly reify   '/Users/saitarrunpitta/Projects/Patient Outreach and Appointment Reminder Platform/server/node_modules/content-type': '/Users/saitarrunpitta/Projects/Patient Outreach and Appointment Reminder Platform/server/node_modules/.content-type-31E3F4mm',
430 silly reify   '/Users/saitarrunpitta/Projects/Patient Outreach and Appointment Reminder Platform/server/node_modules/cookie': '/Users/saitarrunpitta/Projects/Patient Outreach and Appointment Reminder Platform/server/node_modules/.cookie-pxr1pDki',
430 silly reify   '/Users/saitarrunpitta/Projects/Patient Outreach and Appointment Reminder Platform/server/node_modules/cookie-signature': '/Users/saitarrunpitta/Projects/Patient Outreach and Appointment Reminder Platform/server/node_modules/.cookie-signature-PoSgBYw7',
430 silly reify   '/Users/saitarrunpitta/Projects/Patient Outreach and Appointment Reminder Platform/server/node_modules/depd': '/Users/saitarrunpitta/Projects/Patient Outreach and Appointment Reminder Platform/server/node_modules/.depd-zswokhAs',
430 silly reify   '/Users/saitarrunpitta/Projects/Patient Outreach and Appointment Reminder Platform/server/node_modules/dunder-proto': '/Users/saitarrunpitta/Projects/Patient Outreach and Appointment Reminder Platform/server/node_modules/.dunder-proto-xWSwkuaB',
430 silly reify   '/Users/saitarrunpitta/Projects/Patient Outreach and Appointment Reminder Platform/server/node_modules/ee-first': '/Users/saitarrunpitta/Projects/Patient Outreach and Appointment Reminder Platform/server/node_modules/.ee-first-ea65ThSR',
430 silly reify   '/Users/saitarrunpitta/Projects/Patient Outreach and Appointment Reminder Platform/server/node_modules/encodeurl': '/Users/saitarrunpitta/Projects/Patient Outreach and Appointment Reminder Platform/server/node_modules/.encodeurl-ZXfVgKy1',
430 silly reify   '/Users/saitarrunpitta/Projects/Patient Outreach and Appointment Reminder Platform/server/node_modules/es-define-property': '/Users/saitarrunpitta/Projects/Patient Outreach and Appointment Reminder Platform/server/node_modules/.es-define-property-gK4uZBhS',
430 silly reify   '/Users/saitarrunpitta/Projects/Patient Outreach and Appointment Reminder Platform/server/node_modules/es-errors': '/Users/saitarrunpitta/Projects/Patient Outreach and Appointment Reminder Platform/server/node_modules/.es-errors-ZTL5S0FH',
430 silly reify   '/Users/saitarrunpitta/Projects/Patient Outreach and Appointment Reminder Platform/server/node_modules/es-object-atoms': '/Users/saitarrunpitta/Projects/Patient Outreach and Appointment Reminder Platform/server/node_modules/.es-object-atoms-zOLSHYIw',
430 silly reify   '/Users/saitarrunpitta/Projects/Patient Outreach and Appointment Reminder Platform/server/node_modules/escape-html': '/Users/saitarrunpitta/Projects/Patient Outreach and Appointment Reminder Platform/server/node_modules/.escape-html-ImGa6a6M',
430 silly reify   '/Users/saitarrunpitta/Projects/Patient Outreach and Appointment Reminder Platform/server/node_modules/etag': '/Users/saitarrunpitta/Projects/Patient Outreach and Appointment Reminder Platform/server/node_modules/.etag-PXaTCt4G',
430 silly reify   '/Users/saitarrunpitta/Projects/Patient Outreach and Appointment Reminder Platform/server/node_modules/express': '/Users/saitarrunpitta/Projects/Patient Outreach and Appointment Reminder Platform/server/node_modules/.express-Hau6ep9g',
430 silly reify   '/Users/saitarrunpitta/Projects/Patient Outreach and Appointment Reminder Platform/server/node_modules/finalhandler': '/Users/saitarrunpitta/Projects/Patient Outreach and Appointment Reminder Platform/server/node_modules/.finalhandler-9e3kQqpc',
430 silly reify   '/Users/saitarrunpitta/Projects/Patient Outreach and Appointment Reminder Platform/server/node_modules/forwarded': '/Users/saitarrunpitta/Projects/Patient Outreach and Appointment Reminder Platform/server/node_modules/.forwarded-ZFOetyE1',
430 silly reify   '/Users/saitarrunpitta/Projects/Patient Outreach and Appointment Reminder Platform/server/node_modules/fresh': '/Users/saitarrunpitta/Projects/Patient Outreach and Appointment Reminder Platform/server/node_modules/.fresh-haWy3RuB',
430 silly reify   '/Users/saitarrunpitta/Projects/Patient Outreach and Appointment Reminder Platform/server/node_modules/function-bind': '/Users/saitarrunpitta/Projects/Patient Outreach and Appointment Reminder Platform/server/node_modules/.function-bind-RxCPOZFn',
430 silly reify   '/Users/saitarrunpitta/Projects/Patient Outreach and Appointment Reminder Platform/server/node_modules/get-intrinsic': '/Users/saitarrunpitta/Projects/Patient Outreach and Appointment Reminder Platform/server/node_modules/.get-intrinsic-kBTanMyN',
430 silly reify   '/Users/saitarrunpitta/Projects/Patient Outreach and Appointment Reminder Platform/server/node_modules/get-proto': '/Users/saitarrunpitta/Projects/Patient Outreach and Appointment Reminder Platform/server/node_modules/.get-proto-bHo4y5WK',
430 silly reify   '/Users/saitarrunpitta/Projects/Patient Outreach and Appointment Reminder Platform/server/node_modules/gopd': '/Users/saitarrunpitta/Projects/Patient Outreach and Appointment Reminder Platform/server/node_modules/.gopd-LAwWDxfT',
430 silly reify   '/Users/saitarrunpitta/Projects/Patient Outreach and Appointment Reminder Platform/server/node_modules/has-symbols': '/Users/saitarrunpitta/Projects/Patient Outreach and Appointment Reminder Platform/server/node_modules/.has-symbols-nBw6NE9Z',
430 silly reify   '/Users/saitarrunpitta/Projects/Patient Outreach and Appointment Reminder Platform/server/node_modules/hasown': '/Users/saitarrunpitta/Projects/Patient Outreach and Appointment Reminder Platform/server/node_modules/.hasown-ddggpajG',
430 silly reify   '/Users/saitarrunpitta/Projects/Patient Outreach and Appointment Reminder Platform/server/node_modules/http-errors': '/Users/saitarrunpitta/Projects/Patient Outreach and Appointment Reminder Platform/server/node_modules/.http-errors-Z945US8V',
430 silly reify   '/Users/saitarrunpitta/Projects/Patient Outreach and Appointment Reminder Platform/server/node_modules/iconv-lite': '/Users/saitarrunpitta/Projects/Patient Outreach and Appointment Reminder Platform/server/node_modules/.iconv-lite-ox2BzJXX',
430 silly reify   '/Users/saitarrunpitta/Projects/Patient Outreach and Appointment Reminder Platform/server/node_modules/inherits': '/Users/saitarrunpitta/Projects/Patient Outreach and Appointment Reminder Platform/server/node_modules/.inherits-uoWP5C1a',
430 silly reify   '/Users/saitarrunpitta/Projects/Patient Outreach and Appointment Reminder Platform/server/node_modules/ipaddr.js': '/Users/saitarrunpitta/Projects/Patient Outreach and Appointment Reminder Platform/server/node_modules/.ipaddr.js-32VK4mct',
430 silly reify   '/Users/saitarrunpitta/Projects/Patient Outreach and Appointment Reminder Platform/server/node_modules/is-promise': '/Users/saitarrunpitta/Projects/Patient Outreach and Appointment Reminder Platform/server/node_modules/.is-promise-tO9JRjCg',
430 silly reify   '/Users/saitarrunpitta/Projects/Patient Outreach and Appointment Reminder Platform/server/node_modules/math-intrinsics': '/Users/saitarrunpitta/Projects/Patient Outreach and Appointment Reminder Platform/server/node_modules/.math-intrinsics-Uf2diPyE',
430 silly reify   '/Users/saitarrunpitta/Projects/Patient Outreach and Appointment Reminder Platform/server/node_modules/media-typer': '/Users/saitarrunpitta/Projects/Patient Outreach and Appointment Reminder Platform/server/node_modules/.media-typer-oP6dqAEx',
430 silly reify   '/Users/saitarrunpitta/Projects/Patient Outreach and Appointment Reminder Platform/server/node_modules/merge-descriptors': '/Users/saitarrunpitta/Projects/Patient Outreach and Appointment Reminder Platform/server/node_modules/.merge-descriptors-0ovApZlX',
430 silly reify   '/Users/saitarrunpitta/Projects/Patient Outreach and Appointment Reminder Platform/server/node_modules/mime-db': '/Users/saitarrunpitta/Projects/Patient Outreach and Appointment Reminder Platform/server/node_modules/.mime-db-hE7l6cjd',
430 silly reify   '/Users/saitarrunpitta/Projects/Patient Outreach and Appointment Reminder Platform/server/node_modules/mime-types': '/Users/saitarrunpitta/Projects/Patient Outreach and Appointment Reminder Platform/server/node_modules/.mime-types-YOaRr2yo',
430 silly reify   '/Users/saitarrunpitta/Projects/Patient Outreach and Appointment Reminder Platform/server/node_modules/negotiator': '/Users/saitarrunpitta/Projects/Patient Outreach and Appointment Reminder Platform/server/node_modules/.negotiator-YvRzwcsF',
430 silly reify   '/Users/saitarrunpitta/Projects/Patient Outreach and Appointment Reminder Platform/server/node_modules/object-inspect': '/Users/saitarrunpitta/Projects/Patient Outreach and Appointment Reminder Platform/server/node_modules/.object-inspect-YHiNpn4Y',
430 silly reify   '/Users/saitarrunpitta/Projects/Patient Outreach and Appointment Reminder Platform/server/node_modules/on-finished': '/Users/saitarrunpitta/Projects/Patient Outreach and Appointment Reminder Platform/server/node_modules/.on-finished-zTMHnXtn',
430 silly reify   '/Users/saitarrunpitta/Projects/Patient Outreach and Appointment Reminder Platform/server/node_modules/once': '/Users/saitarrunpitta/Projects/Patient Outreach and Appointment Reminder Platform/server/node_modules/.once-x52lTVv3',
430 silly reify   '/Users/saitarrunpitta/Projects/Patient Outreach and Appointment Reminder Platform/server/node_modules/parseurl': '/Users/saitarrunpitta/Projects/Patient Outreach and Appointment Reminder Platform/server/node_modules/.parseurl-ONABRd2z',
430 silly reify   '/Users/saitarrunpitta/Projects/Patient Outreach and Appointment Reminder Platform/server/node_modules/path-to-regexp': '/Users/saitarrunpitta/Projects/Patient Outreach and Appointment Reminder Platform/server/node_modules/.path-to-regexp-o5sqgSPY',
430 silly reify   '/Users/saitarrunpitta/Projects/Patient Outreach and Appointment Reminder Platform/server/node_modules/proxy-addr': '/Users/saitarrunpitta/Projects/Patient Outreach and Appointment Reminder Platform/server/node_modules/.proxy-addr-g7615S1g',
430 silly reify   '/Users/saitarrunpitta/Projects/Patient Outreach and Appointment Reminder Platform/server/node_modules/qs': '/Users/saitarrunpitta/Projects/Patient Outreach and Appointment Reminder Platform/server/node_modules/.qs-8HLFWPma',
430 silly reify   '/Users/saitarrunpitta/Projects/Patient Outreach and Appointment Reminder Platform/server/node_modules/range-parser': '/Users/saitarrunpitta/Projects/Patient Outreach and Appointment Reminder Platform/server/node_modules/.range-parser-yycOleEl',
430 silly reify   '/Users/saitarrunpitta/Projects/Patient Outreach and Appointment Reminder Platform/server/node_modules/raw-body': '/Users/saitarrunpitta/Projects/Patient Outreach and Appointment Reminder Platform/server/node_modules/.raw-body-8jfxUj9I',
430 silly reify   '/Users/saitarrunpitta/Projects/Patient Outreach and Appointment Reminder Platform/server/node_modules/router': '/Users/saitarrunpitta/Projects/Patient Outreach and Appointment Reminder Platform/server/node_modules/.router-6vYfnUO3',
430 silly reify   '/Users/saitarrunpitta/Projects/Patient Outreach and Appointment Reminder Platform/server/node_modules/safer-buffer': '/Users/saitarrunpitta/Projects/Patient Outreach and Appointment Reminder Platform/server/node_modules/.safer-buffer-gj4xFQ43',
430 silly reify   '/Users/saitarrunpitta/Projects/Patient Outreach and Appointment Reminder Platform/server/node_modules/send': '/Users/saitarrunpitta/Projects/Patient Outreach and Appointment Reminder Platform/server/node_modules/.send-JW2jlpmU',
430 silly reify   '/Users/saitarrunpitta/Projects/Patient Outreach and Appointment Reminder Platform/server/node_modules/serve-static': '/Users/saitarrunpitta/Projects/Patient Outreach and Appointment Reminder Platform/server/node_modules/.serve-static-AhDl08ZI',
430 silly reify   '/Users/saitarrunpitta/Projects/Patient Outreach and Appointment Reminder Platform/server/node_modules/setprototypeof': '/Users/saitarrunpitta/Projects/Patient Outreach and Appointment Reminder Platform/server/node_modules/.setprototypeof-X71FdpDG',
430 silly reify   '/Users/saitarrunpitta/Projects/Patient Outreach and Appointment Reminder Platform/server/node_modules/side-channel': '/Users/saitarrunpitta/Projects/Patient Outreach and Appointment Reminder Platform/server/node_modules/.side-channel-IDbjtFpv',
430 silly reify   '/Users/saitarrunpitta/Projects/Patient Outreach and Appointment Reminder Platform/server/node_modules/side-channel-list': '/Users/saitarrunpitta/Projects/Patient Outreach and Appointment Reminder Platform/server/node_modules/.side-channel-list-uEudwuXW',
430 silly reify   '/Users/saitarrunpitta/Projects/Patient Outreach and Appointment Reminder Platform/server/node_modules/side-channel-map': '/Users/saitarrunpitta/Projects/Patient Outreach and Appointment Reminder Platform/server/node_modules/.side-channel-map-kOc4bWK7',
430 silly reify   '/Users/saitarrunpitta/Projects/Patient Outreach and Appointment Reminder Platform/server/node_modules/side-channel-weakmap': '/Users/saitarrunpitta/Projects/Patient Outreach and Appointment Reminder Platform/server/node_modules/.side-channel-weakmap-fxjNEkQO',
430 silly reify   '/Users/saitarrunpitta/Projects/Patient Outreach and Appointment Reminder Platform/server/node_modules/statuses': '/Users/saitarrunpitta/Projects/Patient Outreach and Appointment Reminder Platform/server/node_modules/.statuses-dDiE5DG0',
430 silly reify   '/Users/saitarrunpitta/Projects/Patient Outreach and Appointment Reminder Platform/server/node_modules/toidentifier': '/Users/saitarrunpitta/Projects/Patient Outreach and Appointment Reminder Platform/server/node_modules/.toidentifier-m34hjfPk',
430 silly reify   '/Users/saitarrunpitta/Projects/Patient Outreach and Appointment Reminder Platform/server/node_modules/type-is': '/Users/saitarrunpitta/Projects/Patient Outreach and Appointment Reminder Platform/server/node_modules/.type-is-U8zCUfnO',
430 silly reify   '/Users/saitarrunpitta/Projects/Patient Outreach and Appointment Reminder Platform/server/node_modules/unpipe': '/Users/saitarrunpitta/Projects/Patient Outreach and Appointment Reminder Platform/server/node_modules/.unpipe-f1IuaKWP',
430 silly reify   '/Users/saitarrunpitta/Projects/Patient Outreach and Appointment Reminder Platform/server/node_modules/vary': '/Users/saitarrunpitta/Projects/Patient Outreach and Appointment Reminder Platform/server/node_modules/.vary-J4K4M32P',
430 silly reify   '/Users/saitarrunpitta/Projects/Patient Outreach and Appointment Reminder Platform/server/node_modules/wrappy': '/Users/saitarrunpitta/Projects/Patient Outreach and Appointment Reminder Platform/server/node_modules/.wrappy-DxMXDcP0'
430 silly reify }
431 silly audit bulk request {
431 silly audit   '@jridgewell/resolve-uri': [ '3.1.2' ],
431 silly audit   '@jridgewell/sourcemap-codec': [ '1.5.5' ],
431 silly audit   '@jridgewell/trace-mapping': [ '0.3.9' ],
431 silly audit   '@types/node': [ '25.2.1' ],
431 silly audit   'brace-expansion': [ '1.1.12' ],
431 silly audit   minimatch: [ '3.1.2' ],
431 silly audit   semver: [ '7.7.3' ],
431 silly audit   acorn: [ '8.15.0' ],
431 silly audit   'balanced-match': [ '1.0.2' ],
431 silly audit   'concat-map': [ '0.0.1' ],
431 silly audit   'detect-libc': [ '2.1.2' ],
431 silly audit   fsevents: [ '2.3.3' ],
431 silly audit   'glob-parent': [ '5.1.2' ],
431 silly audit   'has-flag': [ '3.0.0' ],
431 silly audit   'is-extglob': [ '2.1.1' ],
431 silly audit   'is-glob': [ '4.0.3' ],
431 silly audit   picomatch: [ '2.3.1' ],
431 silly audit   'supports-color': [ '5.5.0' ],
431 silly audit   '@ioredis/commands': [ '1.5.0' ],
431 silly audit   '@types/ioredis': [ '4.28.10' ],
431 silly audit   'cluster-key-slot': [ '1.1.2' ],
431 silly audit   cookie: [ '0.7.2' ],
431 silly audit   debug: [ '4.4.3' ],
431 silly audit   denque: [ '2.1.0' ],
431 silly audit   ioredis: [ '5.9.2' ],
431 silly audit   'lodash.defaults': [ '4.2.0' ],
431 silly audit   'lodash.isarguments': [ '3.1.0' ],
431 silly audit   ms: [ '2.1.3' ],
431 silly audit   'redis-errors': [ '1.2.0' ],
431 silly audit   'redis-parser': [ '3.0.0' ],
431 silly audit   'standard-as-callback': [ '2.1.0' ],
431 silly audit   typescript: [ '5.9.3' ],
431 silly audit   'undici-types': [ '7.16.0' ],
431 silly audit   zod: [ '4.3.6' ],
431 silly audit   server: [ '1.0.0' ],
431 silly audit   '@cspotcode/source-map-support': [ '0.8.1' ],
431 silly audit   '@msgpackr-extract/msgpackr-extract-darwin-arm64': [ '3.0.3' ],
431 silly audit   '@prisma/client': [ '5.22.0' ],
431 silly audit   '@prisma/debug': [ '5.22.0' ],
431 silly audit   '@prisma/engines': [ '5.22.0' ],
431 silly audit   '@prisma/engines-version': [ '5.22.0-44.605197351a3c8bdd595af2d2a9bc3025bca48ea2' ],
431 silly audit   '@prisma/fetch-engine': [ '5.22.0' ],
431 silly audit   '@prisma/get-platform': [ '5.22.0' ],
431 silly audit   '@tsconfig/node10': [ '1.0.12' ],
431 silly audit   '@tsconfig/node12': [ '1.0.11' ],
431 silly audit   '@tsconfig/node14': [ '1.0.3' ],
431 silly audit   '@tsconfig/node16': [ '1.0.4' ],
431 silly audit   '@types/body-parser': [ '1.19.6' ],
431 silly audit   '@types/connect': [ '3.4.38' ],
431 silly audit   '@types/cors': [ '2.8.19' ],
431 silly audit   '@types/express': [ '5.0.6' ],
431 silly audit   '@types/express-serve-static-core': [ '5.1.1' ],
431 silly audit   '@types/http-errors': [ '2.0.5' ],
431 silly audit   '@types/qs': [ '6.14.0' ],
431 silly audit   '@types/range-parser': [ '1.2.7' ],
431 silly audit   '@types/send': [ '1.2.1' ],
431 silly audit   '@types/serve-static': [ '2.2.0' ],
431 silly audit   'acorn-walk': [ '8.3.4' ],
431 silly audit   anymatch: [ '3.1.3' ],
431 silly audit   arg: [ '4.1.3' ],
431 silly audit   'binary-extensions': [ '2.3.0' ],
431 silly audit   braces: [ '3.0.3' ],
431 silly audit   bullmq: [ '5.67.3' ],
431 silly audit   chokidar: [ '3.6.0' ],
431 silly audit   cors: [ '2.8.6' ],
431 silly audit   'create-require': [ '1.1.1' ],
431 silly audit   'cron-parser': [ '4.9.0' ],
431 silly audit   diff: [ '4.0.4' ],
431 silly audit   dotenv: [ '17.2.4' ],
431 silly audit   express: [ '5.2.1' ],
431 silly audit   'fill-range': [ '7.1.1' ],
431 silly audit   'ignore-by-default': [ '1.0.1' ],
431 silly audit   'is-binary-path': [ '2.1.0' ],
431 silly audit   'is-number': [ '7.0.0' ],
431 silly audit   luxon: [ '3.7.2' ],
431 silly audit   'make-error': [ '1.3.6' ],
431 silly audit   msgpackr: [ '1.11.5' ],
431 silly audit   'msgpackr-extract': [ '3.0.3' ],
431 silly audit   'node-abort-controller': [ '3.1.1' ],
431 silly audit   'node-gyp-build-optional-packages': [ '5.2.2' ],
431 silly audit   nodemon: [ '3.1.11' ],
431 silly audit   'normalize-path': [ '3.0.0' ],
431 silly audit   'object-assign': [ '4.1.1' ],
431 silly audit   pg: [ '8.18.0' ],
431 silly audit   'pg-cloudflare': [ '1.3.0' ],
431 silly audit   'pg-connection-string': [ '2.11.0' ],
431 silly audit   'pg-int8': [ '1.0.1' ],
431 silly audit   'pg-pool': [ '3.11.0' ],
431 silly audit   'pg-protocol': [ '1.11.0' ],
431 silly audit   'pg-types': [ '2.2.0' ],
431 silly audit   pgpass: [ '1.0.5' ],
431 silly audit   'postgres-array': [ '2.0.0' ],
431 silly audit   'postgres-bytea': [ '1.0.1' ],
431 silly audit   'postgres-date': [ '1.0.7' ],
431 silly audit   'postgres-interval': [ '1.2.0' ],
431 silly audit   prisma: [ '5.22.0' ],
431 silly audit   'pstree.remy': [ '1.1.8' ],
431 silly audit   readdirp: [ '3.6.0' ],
431 silly audit   'simple-update-notifier': [ '2.0.0' ],
431 silly audit   split2: [ '4.2.0' ],
431 silly audit   'to-regex-range': [ '5.0.1' ],
431 silly audit   touch: [ '3.1.1' ],
431 silly audit   'ts-node': [ '10.9.2' ],
431 silly audit   tslib: [ '2.8.1' ],
431 silly audit   undefsafe: [ '2.0.5' ],
431 silly audit   uuid: [ '11.1.0' ],
431 silly audit   'v8-compile-cache-lib': [ '3.0.1' ],
431 silly audit   vary: [ '1.1.2' ],
431 silly audit   xtend: [ '4.0.2' ],
431 silly audit   yn: [ '3.1.1' ],
431 silly audit   '@app/shared': [ '1.0.0' ],
431 silly audit   'express-rate-limit': [ '8.2.1' ],
431 silly audit   accepts: [ '2.0.0' ],
431 silly audit   'body-parser': [ '2.2.2' ],
431 silly audit   'content-disposition': [ '1.0.1' ],
431 silly audit   'content-type': [ '1.0.5' ],
431 silly audit   'cookie-signature': [ '1.2.2' ],
431 silly audit   depd: [ '2.0.0' ],
431 silly audit   encodeurl: [ '2.0.0' ],
431 silly audit   'escape-html': [ '1.0.3' ],
431 silly audit   etag: [ '1.8.1' ],
431 silly audit   finalhandler: [ '2.1.1' ],
431 silly audit   fresh: [ '2.0.0' ],
431 silly audit   'http-errors': [ '2.0.1' ],
431 silly audit   'merge-descriptors': [ '2.0.0' ],
431 silly audit   'mime-types': [ '3.0.2' ],
431 silly audit   'on-finished': [ '2.4.1' ],
431 silly audit   once: [ '1.4.0' ],
431 silly audit   parseurl: [ '1.3.3' ],
431 silly audit   'proxy-addr': [ '2.0.7' ],
431 silly audit   qs: [ '6.14.1' ],
431 silly audit   'range-parser': [ '1.2.1' ],
431 silly audit   router: [ '2.2.0' ],
431 silly audit   send: [ '1.2.1' ],
431 silly audit   'serve-static': [ '2.2.1' ],
431 silly audit   statuses: [ '2.0.2' ],
431 silly audit   'type-is': [ '2.0.1' ],
431 silly audit   negotiator: [ '1.0.0' ],
431 silly audit   bytes: [ '3.1.2' ],
431 silly audit   'iconv-lite': [ '0.7.2' ],
431 silly audit   'raw-body': [ '3.0.2' ],
431 silly audit   'ip-address': [ '10.0.1' ],
431 silly audit   inherits: [ '2.0.4' ],
431 silly audit   setprototypeof: [ '1.2.0' ],
431 silly audit   toidentifier: [ '1.0.1' ],
431 silly audit   'safer-buffer': [ '2.1.2' ],
431 silly audit   'mime-db': [ '1.54.0' ],
431 silly audit   'ee-first': [ '1.1.1' ],
431 silly audit   wrappy: [ '1.0.2' ],
431 silly audit   forwarded: [ '0.2.0' ],
431 silly audit   'ipaddr.js': [ '1.9.1' ],
431 silly audit   'side-channel': [ '1.1.0' ],
431 silly audit   unpipe: [ '1.0.0' ],
431 silly audit   'is-promise': [ '4.0.0' ],
431 silly audit   'path-to-regexp': [ '8.3.0' ],
431 silly audit   'es-errors': [ '1.3.0' ],
431 silly audit   'object-inspect': [ '1.13.4' ],
431 silly audit   'side-channel-list': [ '1.0.0' ],
431 silly audit   'side-channel-map': [ '1.0.1' ],
431 silly audit   'side-channel-weakmap': [ '1.0.2' ],
431 silly audit   'call-bound': [ '1.0.4' ],
431 silly audit   'get-intrinsic': [ '1.3.0' ],
431 silly audit   'call-bind-apply-helpers': [ '1.0.2' ],
431 silly audit   'function-bind': [ '1.1.2' ],
431 silly audit   'es-define-property': [ '1.0.1' ],
431 silly audit   'es-object-atoms': [ '1.1.1' ],
431 silly audit   'get-proto': [ '1.0.1' ],
431 silly audit   gopd: [ '1.2.0' ],
431 silly audit   'has-symbols': [ '1.1.0' ],
431 silly audit   hasown: [ '2.0.2' ],
431 silly audit   'math-intrinsics': [ '1.1.0' ],
431 silly audit   'dunder-proto': [ '1.0.1' ],
431 silly audit   'media-typer': [ '1.1.0' ]
431 silly audit }
432 http cache dunder-proto@https://registry.npmjs.org/dunder-proto/-/dunder-proto-1.0.1.tgz 0ms (cache hit)
433 http cache media-typer@https://registry.npmjs.org/media-typer/-/media-typer-1.1.0.tgz 0ms (cache hit)
434 http cache get-proto@https://registry.npmjs.org/get-proto/-/get-proto-1.0.1.tgz 0ms (cache hit)
435 http cache hasown@https://registry.npmjs.org/hasown/-/hasown-2.0.2.tgz 0ms (cache hit)
436 http cache has-symbols@https://registry.npmjs.org/has-symbols/-/has-symbols-1.1.0.tgz 0ms (cache hit)
437 http cache gopd@https://registry.npmjs.org/gopd/-/gopd-1.2.0.tgz 0ms (cache hit)
438 http cache math-intrinsics@https://registry.npmjs.org/math-intrinsics/-/math-intrinsics-1.1.0.tgz 0ms (cache hit)
439 http cache es-define-property@https://registry.npmjs.org/es-define-property/-/es-define-property-1.0.1.tgz 0ms (cache hit)
440 http cache call-bind-apply-helpers@https://registry.npmjs.org/call-bind-apply-helpers/-/call-bind-apply-helpers-1.0.2.tgz 0ms (cache hit)
441 http cache es-object-atoms@https://registry.npmjs.org/es-object-atoms/-/es-object-atoms-1.1.1.tgz 0ms (cache hit)
442 http cache function-bind@https://registry.npmjs.org/function-bind/-/function-bind-1.1.2.tgz 0ms (cache hit)
443 http cache call-bound@https://registry.npmjs.org/call-bound/-/call-bound-1.0.4.tgz 0ms (cache hit)
444 http cache side-channel-weakmap@https://registry.npmjs.org/side-channel-weakmap/-/side-channel-weakmap-1.0.2.tgz 0ms (cache hit)
445 http cache side-channel-map@https://registry.npmjs.org/side-channel-map/-/side-channel-map-1.0.1.tgz 0ms (cache hit)
446 http cache es-errors@https://registry.npmjs.org/es-errors/-/es-errors-1.3.0.tgz 0ms (cache hit)
447 http cache path-to-regexp@https://registry.npmjs.org/path-to-regexp/-/path-to-regexp-8.3.0.tgz 0ms (cache hit)
448 http cache unpipe@https://registry.npmjs.org/unpipe/-/unpipe-1.0.0.tgz 0ms (cache hit)
449 http cache get-intrinsic@https://registry.npmjs.org/get-intrinsic/-/get-intrinsic-1.3.0.tgz 0ms (cache hit)
450 http cache is-promise@https://registry.npmjs.org/is-promise/-/is-promise-4.0.0.tgz 0ms (cache hit)
451 http cache object-inspect@https://registry.npmjs.org/object-inspect/-/object-inspect-1.13.4.tgz 0ms (cache hit)
452 http cache side-channel@https://registry.npmjs.org/side-channel/-/side-channel-1.1.0.tgz 0ms (cache hit)
453 http cache side-channel-list@https://registry.npmjs.org/side-channel-list/-/side-channel-list-1.0.0.tgz 0ms (cache hit)
454 http cache forwarded@https://registry.npmjs.org/forwarded/-/forwarded-0.2.0.tgz 0ms (cache hit)
455 http cache ee-first@https://registry.npmjs.org/ee-first/-/ee-first-1.1.1.tgz 0ms (cache hit)
456 http cache wrappy@https://registry.npmjs.org/wrappy/-/wrappy-1.0.2.tgz 0ms (cache hit)
457 http cache mime-db@https://registry.npmjs.org/mime-db/-/mime-db-1.54.0.tgz 0ms (cache hit)
458 http cache setprototypeof@https://registry.npmjs.org/setprototypeof/-/setprototypeof-1.2.0.tgz 0ms (cache hit)
459 http cache toidentifier@https://registry.npmjs.org/toidentifier/-/toidentifier-1.0.1.tgz 0ms (cache hit)
460 http cache safer-buffer@https://registry.npmjs.org/safer-buffer/-/safer-buffer-2.1.2.tgz 0ms (cache hit)
461 http cache iconv-lite@https://registry.npmjs.org/iconv-lite/-/iconv-lite-0.7.2.tgz 0ms (cache hit)
462 http cache inherits@https://registry.npmjs.org/inherits/-/inherits-2.0.4.tgz 0ms (cache hit)
463 http cache raw-body@https://registry.npmjs.org/raw-body/-/raw-body-3.0.2.tgz 0ms (cache hit)
464 http cache bytes@https://registry.npmjs.org/bytes/-/bytes-3.1.2.tgz 0ms (cache hit)
465 http cache ip-address@https://registry.npmjs.org/ip-address/-/ip-address-10.0.1.tgz 0ms (cache hit)
466 http cache negotiator@https://registry.npmjs.org/negotiator/-/negotiator-1.0.0.tgz 0ms (cache hit)
467 http cache vary@https://registry.npmjs.org/vary/-/vary-1.1.2.tgz 0ms (cache hit)
468 http cache statuses@https://registry.npmjs.org/statuses/-/statuses-2.0.2.tgz 0ms (cache hit)
469 http cache ipaddr.js@https://registry.npmjs.org/ipaddr.js/-/ipaddr.js-1.9.1.tgz 0ms (cache hit)
470 http cache type-is@https://registry.npmjs.org/type-is/-/type-is-2.0.1.tgz 0ms (cache hit)
471 http cache send@https://registry.npmjs.org/send/-/send-1.2.1.tgz 0ms (cache hit)
472 http cache serve-static@https://registry.npmjs.org/serve-static/-/serve-static-2.2.1.tgz 0ms (cache hit)
473 http cache router@https://registry.npmjs.org/router/-/router-2.2.0.tgz 0ms (cache hit)
474 http cache range-parser@https://registry.npmjs.org/range-parser/-/range-parser-1.2.1.tgz 0ms (cache hit)
475 http cache qs@https://registry.npmjs.org/qs/-/qs-6.14.1.tgz 0ms (cache hit)
476 http cache parseurl@https://registry.npmjs.org/parseurl/-/parseurl-1.3.3.tgz 0ms (cache hit)
477 http cache on-finished@https://registry.npmjs.org/on-finished/-/on-finished-2.4.1.tgz 0ms (cache hit)
478 http cache once@https://registry.npmjs.org/once/-/once-1.4.0.tgz 0ms (cache hit)
479 http cache mime-types@https://registry.npmjs.org/mime-types/-/mime-types-3.0.2.tgz 0ms (cache hit)
480 http cache merge-descriptors@https://registry.npmjs.org/merge-descriptors/-/merge-descriptors-2.0.0.tgz 0ms (cache hit)
481 http cache http-errors@https://registry.npmjs.org/http-errors/-/http-errors-2.0.1.tgz 0ms (cache hit)
482 http cache fresh@https://registry.npmjs.org/fresh/-/fresh-2.0.0.tgz 0ms (cache hit)
483 http cache finalhandler@https://registry.npmjs.org/finalhandler/-/finalhandler-2.1.1.tgz 0ms (cache hit)
484 http cache etag@https://registry.npmjs.org/etag/-/etag-1.8.1.tgz 0ms (cache hit)
485 http cache proxy-addr@https://registry.npmjs.org/proxy-addr/-/proxy-addr-2.0.7.tgz 0ms (cache hit)
486 http cache encodeurl@https://registry.npmjs.org/encodeurl/-/encodeurl-2.0.0.tgz 0ms (cache hit)
487 http cache escape-html@https://registry.npmjs.org/escape-html/-/escape-html-1.0.3.tgz 0ms (cache hit)
488 http cache content-type@https://registry.npmjs.org/content-type/-/content-type-1.0.5.tgz 0ms (cache hit)
489 http cache depd@https://registry.npmjs.org/depd/-/depd-2.0.0.tgz 0ms (cache hit)
490 http cache content-disposition@https://registry.npmjs.org/content-disposition/-/content-disposition-1.0.1.tgz 0ms (cache hit)
491 http cache body-parser@https://registry.npmjs.org/body-parser/-/body-parser-2.2.2.tgz 0ms (cache hit)
492 http cache accepts@https://registry.npmjs.org/accepts/-/accepts-2.0.0.tgz 0ms (cache hit)
493 http cache express@https://registry.npmjs.org/express/-/express-5.2.1.tgz 0ms (cache hit)
494 silly tarball no local data for dunder-proto@https://registry.npmjs.org/dunder-proto/-/dunder-proto-1.0.1.tgz. Extracting by manifest.
495 http cache express-rate-limit@https://registry.npmjs.org/express-rate-limit/-/express-rate-limit-8.2.1.tgz 0ms (cache hit)
496 silly tarball no local data for media-typer@https://registry.npmjs.org/media-typer/-/media-typer-1.1.0.tgz. Extracting by manifest.
497 silly tarball no local data for get-proto@https://registry.npmjs.org/get-proto/-/get-proto-1.0.1.tgz. Extracting by manifest.
498 silly tarball no local data for hasown@https://registry.npmjs.org/hasown/-/hasown-2.0.2.tgz. Extracting by manifest.
499 silly tarball no local data for has-symbols@https://registry.npmjs.org/has-symbols/-/has-symbols-1.1.0.tgz. Extracting by manifest.
500 http cache cookie@https://registry.npmjs.org/cookie/-/cookie-0.7.2.tgz 0ms (cache hit)
501 silly tarball no local data for gopd@https://registry.npmjs.org/gopd/-/gopd-1.2.0.tgz. Extracting by manifest.
502 silly tarball no local data for math-intrinsics@https://registry.npmjs.org/math-intrinsics/-/math-intrinsics-1.1.0.tgz. Extracting by manifest.
503 silly tarball no local data for es-define-property@https://registry.npmjs.org/es-define-property/-/es-define-property-1.0.1.tgz. Extracting by manifest.
504 http cache cookie-signature@https://registry.npmjs.org/cookie-signature/-/cookie-signature-1.2.2.tgz 0ms (cache hit)
505 silly tarball no local data for call-bind-apply-helpers@https://registry.npmjs.org/call-bind-apply-helpers/-/call-bind-apply-helpers-1.0.2.tgz. Extracting by manifest.
506 silly tarball no local data for es-object-atoms@https://registry.npmjs.org/es-object-atoms/-/es-object-atoms-1.1.1.tgz. Extracting by manifest.
507 silly tarball no local data for function-bind@https://registry.npmjs.org/function-bind/-/function-bind-1.1.2.tgz. Extracting by manifest.
508 silly tarball no local data for call-bound@https://registry.npmjs.org/call-bound/-/call-bound-1.0.4.tgz. Extracting by manifest.
509 silly tarball no local data for side-channel-weakmap@https://registry.npmjs.org/side-channel-weakmap/-/side-channel-weakmap-1.0.2.tgz. Extracting by manifest.
510 silly tarball no local data for side-channel-map@https://registry.npmjs.org/side-channel-map/-/side-channel-map-1.0.1.tgz. Extracting by manifest.
511 silly tarball no local data for es-errors@https://registry.npmjs.org/es-errors/-/es-errors-1.3.0.tgz. Extracting by manifest.
512 silly tarball no local data for path-to-regexp@https://registry.npmjs.org/path-to-regexp/-/path-to-regexp-8.3.0.tgz. Extracting by manifest.
513 silly tarball no local data for get-intrinsic@https://registry.npmjs.org/get-intrinsic/-/get-intrinsic-1.3.0.tgz. Extracting by manifest.
514 silly tarball no local data for is-promise@https://registry.npmjs.org/is-promise/-/is-promise-4.0.0.tgz. Extracting by manifest.
515 silly tarball no local data for object-inspect@https://registry.npmjs.org/object-inspect/-/object-inspect-1.13.4.tgz. Extracting by manifest.
516 silly tarball no local data for side-channel@https://registry.npmjs.org/side-channel/-/side-channel-1.1.0.tgz. Extracting by manifest.
517 silly tarball no local data for side-channel-list@https://registry.npmjs.org/side-channel-list/-/side-channel-list-1.0.0.tgz. Extracting by manifest.
518 silly tarball no local data for forwarded@https://registry.npmjs.org/forwarded/-/forwarded-0.2.0.tgz. Extracting by manifest.
519 silly tarball no local data for ee-first@https://registry.npmjs.org/ee-first/-/ee-first-1.1.1.tgz. Extracting by manifest.
520 silly tarball no local data for wrappy@https://registry.npmjs.org/wrappy/-/wrappy-1.0.2.tgz. Extracting by manifest.
521 silly tarball no local data for mime-db@https://registry.npmjs.org/mime-db/-/mime-db-1.54.0.tgz. Extracting by manifest.
522 silly tarball no local data for unpipe@https://registry.npmjs.org/unpipe/-/unpipe-1.0.0.tgz. Extracting by manifest.
523 silly tarball no local data for setprototypeof@https://registry.npmjs.org/setprototypeof/-/setprototypeof-1.2.0.tgz. Extracting by manifest.
524 silly tarball no local data for toidentifier@https://registry.npmjs.org/toidentifier/-/toidentifier-1.0.1.tgz. Extracting by manifest.
525 silly tarball no local data for safer-buffer@https://registry.npmjs.org/safer-buffer/-/safer-buffer-2.1.2.tgz. Extracting by manifest.
526 silly tarball no local data for iconv-lite@https://registry.npmjs.org/iconv-lite/-/iconv-lite-0.7.2.tgz. Extracting by manifest.
527 silly tarball no local data for inherits@https://registry.npmjs.org/inherits/-/inherits-2.0.4.tgz. Extracting by manifest.
528 silly tarball no local data for raw-body@https://registry.npmjs.org/raw-body/-/raw-body-3.0.2.tgz. Extracting by manifest.
529 silly tarball no local data for bytes@https://registry.npmjs.org/bytes/-/bytes-3.1.2.tgz. Extracting by manifest.
530 silly tarball no local data for ip-address@https://registry.npmjs.org/ip-address/-/ip-address-10.0.1.tgz. Extracting by manifest.
531 silly tarball no local data for negotiator@https://registry.npmjs.org/negotiator/-/negotiator-1.0.0.tgz. Extracting by manifest.
532 silly tarball no local data for vary@https://registry.npmjs.org/vary/-/vary-1.1.2.tgz. Extracting by manifest.
533 silly tarball no local data for statuses@https://registry.npmjs.org/statuses/-/statuses-2.0.2.tgz. Extracting by manifest.
534 silly tarball no local data for ipaddr.js@https://registry.npmjs.org/ipaddr.js/-/ipaddr.js-1.9.1.tgz. Extracting by manifest.
535 silly tarball no local data for type-is@https://registry.npmjs.org/type-is/-/type-is-2.0.1.tgz. Extracting by manifest.
536 silly tarball no local data for send@https://registry.npmjs.org/send/-/send-1.2.1.tgz. Extracting by manifest.
537 silly tarball no local data for serve-static@https://registry.npmjs.org/serve-static/-/serve-static-2.2.1.tgz. Extracting by manifest.
538 silly tarball no local data for router@https://registry.npmjs.org/router/-/router-2.2.0.tgz. Extracting by manifest.
539 silly tarball no local data for range-parser@https://registry.npmjs.org/range-parser/-/range-parser-1.2.1.tgz. Extracting by manifest.
540 silly tarball no local data for qs@https://registry.npmjs.org/qs/-/qs-6.14.1.tgz. Extracting by manifest.
541 silly tarball no local data for parseurl@https://registry.npmjs.org/parseurl/-/parseurl-1.3.3.tgz. Extracting by manifest.
542 silly tarball no local data for on-finished@https://registry.npmjs.org/on-finished/-/on-finished-2.4.1.tgz. Extracting by manifest.
543 silly tarball no local data for once@https://registry.npmjs.org/once/-/once-1.4.0.tgz. Extracting by manifest.
544 silly tarball no local data for mime-types@https://registry.npmjs.org/mime-types/-/mime-types-3.0.2.tgz. Extracting by manifest.
545 silly tarball no local data for merge-descriptors@https://registry.npmjs.org/merge-descriptors/-/merge-descriptors-2.0.0.tgz. Extracting by manifest.
546 silly tarball no local data for http-errors@https://registry.npmjs.org/http-errors/-/http-errors-2.0.1.tgz. Extracting by manifest.
547 silly tarball no local data for fresh@https://registry.npmjs.org/fresh/-/fresh-2.0.0.tgz. Extracting by manifest.
548 silly tarball no local data for finalhandler@https://registry.npmjs.org/finalhandler/-/finalhandler-2.1.1.tgz. Extracting by manifest.
549 silly tarball no local data for etag@https://registry.npmjs.org/etag/-/etag-1.8.1.tgz. Extracting by manifest.
550 silly tarball no local data for proxy-addr@https://registry.npmjs.org/proxy-addr/-/proxy-addr-2.0.7.tgz. Extracting by manifest.
551 silly tarball no local data for encodeurl@https://registry.npmjs.org/encodeurl/-/encodeurl-2.0.0.tgz. Extracting by manifest.
552 silly tarball no local data for escape-html@https://registry.npmjs.org/escape-html/-/escape-html-1.0.3.tgz. Extracting by manifest.
553 silly tarball no local data for content-type@https://registry.npmjs.org/content-type/-/content-type-1.0.5.tgz. Extracting by manifest.
554 silly tarball no local data for depd@https://registry.npmjs.org/depd/-/depd-2.0.0.tgz. Extracting by manifest.
555 silly tarball no local data for content-disposition@https://registry.npmjs.org/content-disposition/-/content-disposition-1.0.1.tgz. Extracting by manifest.
556 silly tarball no local data for body-parser@https://registry.npmjs.org/body-parser/-/body-parser-2.2.2.tgz. Extracting by manifest.
557 silly tarball no local data for accepts@https://registry.npmjs.org/accepts/-/accepts-2.0.0.tgz. Extracting by manifest.
558 silly tarball no local data for express@https://registry.npmjs.org/express/-/express-5.2.1.tgz. Extracting by manifest.
559 silly tarball no local data for express-rate-limit@https://registry.npmjs.org/express-rate-limit/-/express-rate-limit-8.2.1.tgz. Extracting by manifest.
560 silly tarball no local data for cookie@https://registry.npmjs.org/cookie/-/cookie-0.7.2.tgz. Extracting by manifest.
561 silly tarball no local data for cookie-signature@https://registry.npmjs.org/cookie-signature/-/cookie-signature-1.2.2.tgz. Extracting by manifest.
562 http fetch GET 200 https://registry.npmjs.org/math-intrinsics/-/math-intrinsics-1.1.0.tgz 74ms (cache miss)
563 http fetch GET 200 https://registry.npmjs.org/media-typer/-/media-typer-1.1.0.tgz 74ms (cache miss)
564 http fetch GET 200 https://registry.npmjs.org/dunder-proto/-/dunder-proto-1.0.1.tgz 75ms (cache miss)
565 http fetch GET 200 https://registry.npmjs.org/es-define-property/-/es-define-property-1.0.1.tgz 74ms (cache miss)
566 http fetch GET 200 https://registry.npmjs.org/hasown/-/hasown-2.0.2.tgz 74ms (cache miss)
567 http fetch GET 200 https://registry.npmjs.org/get-proto/-/get-proto-1.0.1.tgz 76ms (cache miss)
568 http fetch GET 200 https://registry.npmjs.org/gopd/-/gopd-1.2.0.tgz 77ms (cache miss)
569 http fetch POST 200 https://registry.npmjs.org/-/npm/v1/security/advisories/bulk 105ms
570 silly audit report {}
571 http fetch GET 200 https://registry.npmjs.org/es-errors/-/es-errors-1.3.0.tgz 112ms (cache miss)
572 http fetch GET 200 https://registry.npmjs.org/get-intrinsic/-/get-intrinsic-1.3.0.tgz 113ms (cache miss)
573 http fetch GET 200 https://registry.npmjs.org/is-promise/-/is-promise-4.0.0.tgz 113ms (cache miss)
574 http fetch GET 200 https://registry.npmjs.org/has-symbols/-/has-symbols-1.1.0.tgz 115ms (cache miss)
575 http fetch GET 200 https://registry.npmjs.org/object-inspect/-/object-inspect-1.13.4.tgz 121ms (cache miss)
576 http fetch GET 200 https://registry.npmjs.org/path-to-regexp/-/path-to-regexp-8.3.0.tgz 126ms (cache miss)
577 http fetch GET 200 https://registry.npmjs.org/side-channel/-/side-channel-1.1.0.tgz 139ms (cache miss)
578 http fetch GET 200 https://registry.npmjs.org/forwarded/-/forwarded-0.2.0.tgz 145ms (cache miss)
579 http fetch GET 200 https://registry.npmjs.org/side-channel-list/-/side-channel-list-1.0.0.tgz 145ms (cache miss)
580 http fetch GET 200 https://registry.npmjs.org/unpipe/-/unpipe-1.0.0.tgz 157ms (cache miss)
581 http fetch GET 200 https://registry.npmjs.org/wrappy/-/wrappy-1.0.2.tgz 170ms (cache miss)
582 http fetch GET 200 https://registry.npmjs.org/mime-db/-/mime-db-1.54.0.tgz 172ms (cache miss)
583 http fetch GET 200 https://registry.npmjs.org/ee-first/-/ee-first-1.1.1.tgz 172ms (cache miss)
584 http fetch GET 200 https://registry.npmjs.org/side-channel-map/-/side-channel-map-1.0.1.tgz 187ms (cache miss)
585 http fetch GET 200 https://registry.npmjs.org/setprototypeof/-/setprototypeof-1.2.0.tgz 186ms (cache miss)
586 http fetch GET 200 https://registry.npmjs.org/toidentifier/-/toidentifier-1.0.1.tgz 187ms (cache miss)
587 http fetch GET 200 https://registry.npmjs.org/call-bound/-/call-bound-1.0.4.tgz 189ms (cache miss)
588 http fetch GET 200 https://registry.npmjs.org/safer-buffer/-/safer-buffer-2.1.2.tgz 194ms (cache miss)
589 http fetch GET 200 https://registry.npmjs.org/inherits/-/inherits-2.0.4.tgz 193ms (cache miss)
590 http fetch GET 200 https://registry.npmjs.org/call-bind-apply-helpers/-/call-bind-apply-helpers-1.0.2.tgz 197ms (cache miss)
591 http fetch GET 200 https://registry.npmjs.org/side-channel-weakmap/-/side-channel-weakmap-1.0.2.tgz 204ms (cache miss)
592 http fetch GET 200 https://registry.npmjs.org/es-object-atoms/-/es-object-atoms-1.1.1.tgz 208ms (cache miss)
593 http fetch GET 200 https://registry.npmjs.org/function-bind/-/function-bind-1.1.2.tgz 208ms (cache miss)
594 http fetch GET 200 https://registry.npmjs.org/raw-body/-/raw-body-3.0.2.tgz 219ms (cache miss)
595 http fetch GET 200 https://registry.npmjs.org/bytes/-/bytes-3.1.2.tgz 219ms (cache miss)
596 http fetch GET 200 https://registry.npmjs.org/negotiator/-/negotiator-1.0.0.tgz 225ms (cache miss)
597 http fetch GET 200 https://registry.npmjs.org/ip-address/-/ip-address-10.0.1.tgz 230ms (cache miss)
598 http fetch GET 200 https://registry.npmjs.org/iconv-lite/-/iconv-lite-0.7.2.tgz 232ms (cache miss)
599 http fetch GET 200 https://registry.npmjs.org/vary/-/vary-1.1.2.tgz 239ms (cache miss)
600 http fetch GET 200 https://registry.npmjs.org/type-is/-/type-is-2.0.1.tgz 240ms (cache miss)
601 http fetch GET 200 https://registry.npmjs.org/ipaddr.js/-/ipaddr.js-1.9.1.tgz 243ms (cache miss)
602 http fetch GET 200 https://registry.npmjs.org/router/-/router-2.2.0.tgz 244ms (cache miss)
603 http fetch GET 200 https://registry.npmjs.org/range-parser/-/range-parser-1.2.1.tgz 244ms (cache miss)
604 http fetch GET 200 https://registry.npmjs.org/serve-static/-/serve-static-2.2.1.tgz 246ms (cache miss)
605 http fetch GET 200 https://registry.npmjs.org/qs/-/qs-6.14.1.tgz 250ms (cache miss)
606 http fetch GET 200 https://registry.npmjs.org/send/-/send-1.2.1.tgz 252ms (cache miss)
607 http fetch GET 200 https://registry.npmjs.org/once/-/once-1.4.0.tgz 269ms (cache miss)
608 http fetch GET 200 https://registry.npmjs.org/on-finished/-/on-finished-2.4.1.tgz 269ms (cache miss)
609 http fetch GET 200 https://registry.npmjs.org/parseurl/-/parseurl-1.3.3.tgz 269ms (cache miss)
610 http fetch GET 200 https://registry.npmjs.org/merge-descriptors/-/merge-descriptors-2.0.0.tgz 289ms (cache miss)
611 http fetch GET 200 https://registry.npmjs.org/mime-types/-/mime-types-3.0.2.tgz 289ms (cache miss)
612 http fetch GET 200 https://registry.npmjs.org/etag/-/etag-1.8.1.tgz 296ms (cache miss)
613 http fetch GET 200 https://registry.npmjs.org/finalhandler/-/finalhandler-2.1.1.tgz 296ms (cache miss)
614 http fetch GET 200 https://registry.npmjs.org/fresh/-/fresh-2.0.0.tgz 296ms (cache miss)
615 http fetch GET 200 https://registry.npmjs.org/escape-html/-/escape-html-1.0.3.tgz 306ms (cache miss)
616 http fetch GET 200 https://registry.npmjs.org/proxy-addr/-/proxy-addr-2.0.7.tgz 308ms (cache miss)
617 http fetch GET 200 https://registry.npmjs.org/encodeurl/-/encodeurl-2.0.0.tgz 308ms (cache miss)
618 http fetch GET 200 https://registry.npmjs.org/content-type/-/content-type-1.0.5.tgz 309ms (cache miss)
619 http fetch GET 200 https://registry.npmjs.org/body-parser/-/body-parser-2.2.2.tgz 317ms (cache miss)
620 http fetch GET 200 https://registry.npmjs.org/depd/-/depd-2.0.0.tgz 317ms (cache miss)
621 http fetch GET 200 https://registry.npmjs.org/accepts/-/accepts-2.0.0.tgz 334ms (cache miss)
622 http fetch GET 200 https://registry.npmjs.org/content-disposition/-/content-disposition-1.0.1.tgz 334ms (cache miss)
623 http fetch GET 200 https://registry.npmjs.org/http-errors/-/http-errors-2.0.1.tgz 335ms (cache miss)
624 http fetch GET 200 https://registry.npmjs.org/statuses/-/statuses-2.0.2.tgz 336ms (cache miss)
625 http fetch GET 200 https://registry.npmjs.org/cookie-signature/-/cookie-signature-1.2.2.tgz 351ms (cache miss)
626 http fetch GET 200 https://registry.npmjs.org/express/-/express-5.2.1.tgz 353ms (cache miss)
627 http fetch GET 200 https://registry.npmjs.org/cookie/-/cookie-0.7.2.tgz 352ms (cache miss)
628 http fetch GET 200 https://registry.npmjs.org/express-rate-limit/-/express-rate-limit-8.2.1.tgz 377ms (cache miss)
629 silly ADD node_modules/media-typer
630 silly ADD node_modules/dunder-proto
631 silly ADD node_modules/math-intrinsics
632 silly ADD node_modules/hasown
633 silly ADD node_modules/has-symbols
634 silly ADD node_modules/gopd
635 silly ADD node_modules/get-proto
636 silly ADD node_modules/es-object-atoms
637 silly ADD node_modules/es-define-property
638 silly ADD node_modules/function-bind
639 silly ADD node_modules/call-bind-apply-helpers
640 silly ADD node_modules/get-intrinsic
641 silly ADD node_modules/call-bound
642 silly ADD node_modules/side-channel-weakmap
643 silly ADD node_modules/side-channel-map
644 silly ADD node_modules/side-channel-list
645 silly ADD node_modules/object-inspect
646 silly ADD node_modules/es-errors
647 silly ADD node_modules/path-to-regexp
648 silly ADD node_modules/is-promise
649 silly ADD node_modules/unpipe
650 silly ADD node_modules/side-channel
651 silly ADD node_modules/ipaddr.js
652 silly ADD node_modules/forwarded
653 silly ADD node_modules/wrappy
654 silly ADD node_modules/ee-first
655 silly ADD node_modules/mime-db
656 silly ADD node_modules/safer-buffer
657 silly ADD node_modules/toidentifier
658 silly ADD node_modules/setprototypeof
659 silly ADD node_modules/inherits
660 silly ADD node_modules/ip-address
661 silly ADD node_modules/raw-body
662 silly ADD node_modules/iconv-lite
663 silly ADD node_modules/bytes
664 silly ADD node_modules/negotiator
665 silly ADD node_modules/vary
666 silly ADD node_modules/type-is
667 silly ADD node_modules/statuses
668 silly ADD node_modules/serve-static
669 silly ADD node_modules/send
670 silly ADD node_modules/router
671 silly ADD node_modules/range-parser
672 silly ADD node_modules/qs
673 silly ADD node_modules/proxy-addr
674 silly ADD node_modules/parseurl
675 silly ADD node_modules/once
676 silly ADD node_modules/on-finished
677 silly ADD node_modules/mime-types
678 silly ADD node_modules/merge-descriptors
679 silly ADD node_modules/http-errors
680 silly ADD node_modules/fresh
681 silly ADD node_modules/finalhandler
682 silly ADD node_modules/etag
683 silly ADD node_modules/escape-html
684 silly ADD node_modules/encodeurl
685 silly ADD node_modules/depd
686 silly ADD node_modules/cookie-signature
687 silly ADD node_modules/content-type
688 silly ADD node_modules/content-disposition
689 silly ADD node_modules/body-parser
690 silly ADD node_modules/accepts
691 silly ADD node_modules/express
692 silly ADD node_modules/express/node_modules/cookie
693 silly ADD node_modules/express-rate-limit
694 silly REMOVE server/node_modules/wrappy
695 silly REMOVE server/node_modules/vary
696 silly REMOVE server/node_modules/unpipe
697 silly REMOVE server/node_modules/type-is
698 silly REMOVE server/node_modules/toidentifier
699 silly REMOVE server/node_modules/statuses
700 silly REMOVE server/node_modules/side-channel-weakmap
701 silly REMOVE server/node_modules/side-channel-map
702 silly REMOVE server/node_modules/side-channel-list
703 silly REMOVE server/node_modules/side-channel
704 silly REMOVE server/node_modules/setprototypeof
705 silly REMOVE server/node_modules/serve-static
706 silly REMOVE server/node_modules/send
707 silly REMOVE server/node_modules/safer-buffer
708 silly REMOVE server/node_modules/router
709 silly REMOVE server/node_modules/raw-body
710 silly REMOVE server/node_modules/range-parser
711 silly REMOVE server/node_modules/qs
712 silly REMOVE server/node_modules/proxy-addr
713 silly REMOVE server/node_modules/path-to-regexp
714 silly REMOVE server/node_modules/parseurl
715 silly REMOVE server/node_modules/once
716 silly REMOVE server/node_modules/on-finished
717 silly REMOVE server/node_modules/object-inspect
718 silly REMOVE server/node_modules/negotiator
719 silly REMOVE server/node_modules/mime-types
720 silly REMOVE server/node_modules/mime-db
721 silly REMOVE server/node_modules/merge-descriptors
722 silly REMOVE server/node_modules/media-typer
723 silly REMOVE server/node_modules/math-intrinsics
724 silly REMOVE server/node_modules/is-promise
725 silly REMOVE server/node_modules/ipaddr.js
726 silly REMOVE server/node_modules/inherits
727 silly REMOVE server/node_modules/iconv-lite
728 silly REMOVE server/node_modules/http-errors
729 silly REMOVE server/node_modules/hasown
730 silly REMOVE server/node_modules/has-symbols
731 silly REMOVE server/node_modules/gopd
732 silly REMOVE server/node_modules/get-proto
733 silly REMOVE server/node_modules/get-intrinsic
734 silly REMOVE server/node_modules/function-bind
735 silly REMOVE server/node_modules/fresh
736 silly REMOVE server/node_modules/forwarded
737 silly REMOVE server/node_modules/finalhandler
738 silly REMOVE server/node_modules/express
739 silly REMOVE server/node_modules/etag
740 silly REMOVE server/node_modules/escape-html
741 silly REMOVE server/node_modules/es-object-atoms
742 silly REMOVE server/node_modules/es-errors
743 silly REMOVE server/node_modules/es-define-property
744 silly REMOVE server/node_modules/encodeurl
745 silly REMOVE server/node_modules/ee-first
746 silly REMOVE server/node_modules/dunder-proto
747 silly REMOVE server/node_modules/depd
748 silly REMOVE server/node_modules/cookie-signature
749 silly REMOVE server/node_modules/cookie
750 silly REMOVE server/node_modules/content-type
751 silly REMOVE server/node_modules/content-disposition
752 silly REMOVE server/node_modules/call-bound
753 silly REMOVE server/node_modules/call-bind-apply-helpers
754 silly REMOVE server/node_modules/bytes
755 silly REMOVE server/node_modules/body-parser
756 silly REMOVE server/node_modules/accepts
757 verbose cwd /Users/saitarrunpitta/Projects/Patient Outreach and Appointment Reminder Platform/server
758 verbose os Darwin 25.2.0
759 verbose node v22.13.1
760 verbose npm  v10.9.2
761 verbose exit 0
762 info ok
